2025-10-06T16:12:20.967 [File Watcher] INFO o.s.b.d.a.LocalDevToolsAutoConfiguration$RestartingClassPathChangeChangedEventListener - Restarting due to 17 class path changes (0 additions, 6 deletions, 11 modifications) 
2025-10-06T16:12:20.969 [Thread-118] INFO o.s.b.w.e.t.GracefulShutdown - Commencing graceful shutdown. Waiting for active requests to complete 
2025-10-06T16:12:20.969 [tomcat-shutdown] INFO o.a.c.h.Http11NioProtocol - Pausing ProtocolHandler ["http-nio-8099"] 
2025-10-06T16:12:21.042 [tomcat-shutdown] INFO o.s.b.w.e.t.GracefulShutdown - Graceful shutdown complete 
2025-10-06T16:12:21.043 [Thread-118] INFO o.a.c.h.Http11NioProtocol - Stopping ProtocolHandler ["http-nio-8099"] 
2025-10-06T16:12:21.115 [restartedMain] INFO c.u.UtmostApplication - Starting UtmostApplication using Java 17.0.13 with PID 20812 (C:\factory\ws_sts_4281\repo_utmost\utmost\bin\main started by Jun in C:\factory\ws_sts_4281\repo_utmost\utmost) 
2025-10-06T16:12:21.115 [restartedMain] INFO c.u.UtmostApplication - The following 1 profile is active: "external" 
2025-10-06T16:12:21.332 [restartedMain] INFO o.s.b.w.e.t.TomcatWebServer - Tomcat initialized with port 8099 (http) 
2025-10-06T16:12:21.332 [restartedMain] INFO o.a.c.h.Http11NioProtocol - Initializing ProtocolHandler ["http-nio-8099"] 
2025-10-06T16:12:21.332 [restartedMain] INFO o.a.c.c.StandardService - Starting service [Tomcat] 
2025-10-06T16:12:21.332 [restartedMain] INFO o.a.c.c.StandardEngine - Starting Servlet engine: [Apache Tomcat/10.1.46] 
2025-10-06T16:12:21.348 [restartedMain] INFO o.a.c.c.C.[.[.[/] - Initializing Spring embedded WebApplicationContext 
2025-10-06T16:12:21.348 [restartedMain] INFO o.s.b.w.s.c.ServletWebServerApplicationContext - Root WebApplicationContext: initialization completed in 231 ms 
2025-10-06T16:12:21.441 [restartedMain] INFO o.s.b.d.a.OptionalLiveReloadServer - LiveReload server is running on port 35729 
2025-10-06T16:12:21.447 [restartedMain] INFO o.a.c.h.Http11NioProtocol - Starting ProtocolHandler ["http-nio-8099"] 
2025-10-06T16:12:21.449 [restartedMain] INFO o.s.b.w.e.t.TomcatWebServer - Tomcat started on port 8099 (http) with context path '/' 
2025-10-06T16:12:21.456 [restartedMain] INFO c.u.UtmostApplication - Started UtmostApplication in 0.372 seconds (process running for 4140.536) 
2025-10-06T16:12:21.457 [restartedMain] INFO o.s.b.d.a.ConditionEvaluationDeltaLoggingListener - Condition evaluation unchanged 
2025-10-06T16:14:25.610 [File Watcher] INFO o.s.b.d.a.LocalDevToolsAutoConfiguration$RestartingClassPathChangeChangedEventListener - Restarting due to 2 class path changes (1 addition, 0 deletions, 1 modification) 
2025-10-06T16:14:25.611 [Thread-122] INFO o.s.b.w.e.t.GracefulShutdown - Commencing graceful shutdown. Waiting for active requests to complete 
2025-10-06T16:14:25.612 [tomcat-shutdown] INFO o.a.c.h.Http11NioProtocol - Pausing ProtocolHandler ["http-nio-8099"] 
2025-10-06T16:14:25.689 [tomcat-shutdown] INFO o.s.b.w.e.t.GracefulShutdown - Graceful shutdown complete 
2025-10-06T16:14:25.689 [Thread-122] INFO o.a.c.h.Http11NioProtocol - Stopping ProtocolHandler ["http-nio-8099"] 
2025-10-06T16:14:25.755 [restartedMain] INFO c.u.UtmostApplication - Starting UtmostApplication using Java 17.0.13 with PID 20812 (C:\factory\ws_sts_4281\repo_utmost\utmost\bin\main started by Jun in C:\factory\ws_sts_4281\repo_utmost\utmost) 
2025-10-06T16:14:25.755 [restartedMain] INFO c.u.UtmostApplication - The following 1 profile is active: "external" 
2025-10-06T16:14:25.940 [restartedMain] INFO o.s.b.w.e.t.TomcatWebServer - Tomcat initialized with port 8099 (http) 
2025-10-06T16:14:25.941 [restartedMain] INFO o.a.c.h.Http11NioProtocol - Initializing ProtocolHandler ["http-nio-8099"] 
2025-10-06T16:14:25.941 [restartedMain] INFO o.a.c.c.StandardService - Starting service [Tomcat] 
2025-10-06T16:14:25.941 [restartedMain] INFO o.a.c.c.StandardEngine - Starting Servlet engine: [Apache Tomcat/10.1.46] 
2025-10-06T16:14:25.957 [restartedMain] INFO o.a.c.c.C.[.[.[/] - Initializing Spring embedded WebApplicationContext 
2025-10-06T16:14:25.957 [restartedMain] INFO o.s.b.w.s.c.ServletWebServerApplicationContext - Root WebApplicationContext: initialization completed in 201 ms 
2025-10-06T16:14:26.030 [restartedMain] INFO o.s.b.d.a.OptionalLiveReloadServer - LiveReload server is running on port 35729 
2025-10-06T16:14:26.035 [restartedMain] INFO o.a.c.h.Http11NioProtocol - Starting ProtocolHandler ["http-nio-8099"] 
2025-10-06T16:14:26.038 [restartedMain] INFO o.s.b.w.e.t.TomcatWebServer - Tomcat started on port 8099 (http) with context path '/' 
2025-10-06T16:14:26.043 [restartedMain] INFO c.u.UtmostApplication - Started UtmostApplication in 0.312 seconds (process running for 4265.124) 
2025-10-06T16:14:26.044 [restartedMain] INFO o.s.b.d.a.ConditionEvaluationDeltaLoggingListener - Condition evaluation unchanged 
2025-10-06T16:16:43.933 [File Watcher] INFO o.s.b.d.a.LocalDevToolsAutoConfiguration$RestartingClassPathChangeChangedEventListener - Restarting due to 57 class path changes (46 additions, 0 deletions, 11 modifications) 
2025-10-06T16:16:43.934 [Thread-126] INFO o.s.b.w.e.t.GracefulShutdown - Commencing graceful shutdown. Waiting for active requests to complete 
2025-10-06T16:16:43.934 [tomcat-shutdown] INFO o.a.c.h.Http11NioProtocol - Pausing ProtocolHandler ["http-nio-8099"] 
2025-10-06T16:16:44.005 [tomcat-shutdown] INFO o.s.b.w.e.t.GracefulShutdown - Graceful shutdown complete 
2025-10-06T16:16:44.005 [Thread-126] INFO o.a.c.h.Http11NioProtocol - Stopping ProtocolHandler ["http-nio-8099"] 
2025-10-06T16:16:44.071 [restartedMain] INFO c.u.UtmostApplication - Starting UtmostApplication using Java 17.0.13 with PID 20812 (C:\factory\ws_sts_4281\repo_utmost\utmost\bin\main started by Jun in C:\factory\ws_sts_4281\repo_utmost\utmost) 
2025-10-06T16:16:44.072 [restartedMain] INFO c.u.UtmostApplication - The following 1 profile is active: "external" 
2025-10-06T16:16:44.267 [restartedMain] INFO o.s.b.w.e.t.TomcatWebServer - Tomcat initialized with port 8099 (http) 
2025-10-06T16:16:44.268 [restartedMain] INFO o.a.c.h.Http11NioProtocol - Initializing ProtocolHandler ["http-nio-8099"] 
2025-10-06T16:16:44.268 [restartedMain] INFO o.a.c.c.StandardService - Starting service [Tomcat] 
2025-10-06T16:16:44.268 [restartedMain] INFO o.a.c.c.StandardEngine - Starting Servlet engine: [Apache Tomcat/10.1.46] 
2025-10-06T16:16:44.284 [restartedMain] INFO o.a.c.c.C.[.[.[/] - Initializing Spring embedded WebApplicationContext 
2025-10-06T16:16:44.284 [restartedMain] INFO o.s.b.w.s.c.ServletWebServerApplicationContext - Root WebApplicationContext: initialization completed in 211 ms 
2025-10-06T16:16:44.360 [restartedMain] INFO o.s.b.d.a.OptionalLiveReloadServer - LiveReload server is running on port 35729 
2025-10-06T16:16:44.368 [restartedMain] INFO o.a.c.h.Http11NioProtocol - Starting ProtocolHandler ["http-nio-8099"] 
2025-10-06T16:16:44.371 [restartedMain] INFO o.s.b.w.e.t.TomcatWebServer - Tomcat started on port 8099 (http) with context path '/' 
2025-10-06T16:16:44.375 [restartedMain] INFO c.u.UtmostApplication - Started UtmostApplication in 0.328 seconds (process running for 4403.456) 
2025-10-06T16:16:44.376 [restartedMain] INFO o.s.b.d.a.ConditionEvaluationDeltaLoggingListener - Condition evaluation unchanged 
2025-10-06T16:18:25.190 [http-nio-8099-exec-1] INFO o.a.c.c.C.[.[.[/] - Initializing Spring DispatcherServlet 'dispatcherServlet' 
2025-10-06T16:18:25.190 [http-nio-8099-exec-1] INFO o.s.w.s.DispatcherServlet - Initializing Servlet 'dispatcherServlet' 
2025-10-06T16:18:25.190 [http-nio-8099-exec-1] INFO o.s.w.s.DispatcherServlet - Completed initialization in 0 ms 
2025-10-06T16:21:52.709 [File Watcher] INFO o.s.b.d.a.LocalDevToolsAutoConfiguration$RestartingClassPathChangeChangedEventListener - Restarting due to 12 class path changes (0 additions, 11 deletions, 1 modification) 
2025-10-06T16:21:52.710 [Thread-130] INFO o.s.b.w.e.t.GracefulShutdown - Commencing graceful shutdown. Waiting for active requests to complete 
2025-10-06T16:21:52.710 [tomcat-shutdown] INFO o.a.c.h.Http11NioProtocol - Pausing ProtocolHandler ["http-nio-8099"] 
2025-10-06T16:21:52.783 [tomcat-shutdown] INFO o.s.b.w.e.t.GracefulShutdown - Graceful shutdown complete 
2025-10-06T16:21:52.783 [Thread-130] INFO o.a.c.h.Http11NioProtocol - Stopping ProtocolHandler ["http-nio-8099"] 
2025-10-06T16:21:52.851 [restartedMain] INFO c.u.UtmostApplication - Starting UtmostApplication using Java 17.0.13 with PID 20812 (C:\factory\ws_sts_4281\repo_utmost\utmost\bin\main started by Jun in C:\factory\ws_sts_4281\repo_utmost\utmost) 
2025-10-06T16:21:52.851 [restartedMain] INFO c.u.UtmostApplication - The following 1 profile is active: "external" 
2025-10-06T16:21:53.012 [restartedMain] WARN o.m.s.m.ClassPathMapperScanner - No MyBatis mapper was found in '[com.utmost]' package. Please check your configuration. 
2025-10-06T16:21:53.042 [restartedMain] INFO o.s.b.w.e.t.TomcatWebServer - Tomcat initialized with port 8099 (http) 
2025-10-06T16:21:53.043 [restartedMain] INFO o.a.c.h.Http11NioProtocol - Initializing ProtocolHandler ["http-nio-8099"] 
2025-10-06T16:21:53.043 [restartedMain] INFO o.a.c.c.StandardService - Starting service [Tomcat] 
2025-10-06T16:21:53.043 [restartedMain] INFO o.a.c.c.StandardEngine - Starting Servlet engine: [Apache Tomcat/10.1.46] 
2025-10-06T16:21:53.058 [restartedMain] INFO o.a.c.c.C.[.[.[/] - Initializing Spring embedded WebApplicationContext 
2025-10-06T16:21:53.058 [restartedMain] INFO o.s.b.w.s.c.ServletWebServerApplicationContext - Root WebApplicationContext: initialization completed in 205 ms 
2025-10-06T16:21:53.117 [restartedMain] WARN o.s.b.w.s.c.AnnotationConfigServletWebServerApplicationContext - Exception encountered during context initialization - cancelling refresh attempt: org.springframework.beans.factory.BeanCreationException: Error creating bean with name 'dataSource' defined in class path resource [org/springframework/boot/autoconfigure/jdbc/DataSourceConfiguration$Hikari.class]: Failed to instantiate [com.zaxxer.hikari.HikariDataSource]: Factory method 'dataSource' threw exception with message: Failed to determine a suitable driver class 
2025-10-06T16:21:53.117 [restartedMain] INFO o.a.c.c.StandardService - Stopping service [Tomcat] 
2025-10-06T16:21:53.122 [restartedMain] INFO o.s.b.a.l.ConditionEvaluationReportLogger - 

Error starting ApplicationContext. To display the condition evaluation report re-run your application with 'debug' enabled. 
2025-10-06T16:21:53.125 [restartedMain] ERROR o.s.b.d.LoggingFailureAnalysisReporter - 

***************************
APPLICATION FAILED TO START
***************************

Description:

Failed to configure a DataSource: 'url' attribute is not specified and no embedded datasource could be configured.

Reason: Failed to determine a suitable driver class


Action:

Consider the following:
	If you want an embedded database (H2, HSQL or Derby), please put it on the classpath.
	If you have database settings to be loaded from a particular profile you may need to activate it (the profiles external are currently active).
 
2025-10-06T16:22:21.419 [restartedMain] INFO c.u.UtmostApplication - Starting UtmostApplication using Java 17.0.13 with PID 20812 (C:\factory\ws_sts_4281\repo_utmost\utmost\bin\main started by Jun in C:\factory\ws_sts_4281\repo_utmost\utmost) 
2025-10-06T16:22:21.420 [restartedMain] INFO c.u.UtmostApplication - The following 1 profile is active: "external" 
2025-10-06T16:22:21.608 [restartedMain] INFO o.s.b.w.e.t.TomcatWebServer - Tomcat initialized with port 8099 (http) 
2025-10-06T16:22:21.610 [restartedMain] INFO o.a.c.h.Http11NioProtocol - Initializing ProtocolHandler ["http-nio-8099"] 
2025-10-06T16:22:21.610 [restartedMain] INFO o.a.c.c.StandardService - Starting service [Tomcat] 
2025-10-06T16:22:21.610 [restartedMain] INFO o.a.c.c.StandardEngine - Starting Servlet engine: [Apache Tomcat/10.1.46] 
2025-10-06T16:22:21.632 [restartedMain] INFO o.a.c.c.C.[.[.[/] - Initializing Spring embedded WebApplicationContext 
2025-10-06T16:22:21.632 [restartedMain] INFO o.s.b.w.s.c.ServletWebServerApplicationContext - Root WebApplicationContext: initialization completed in 211 ms 
2025-10-06T16:22:21.715 [restartedMain] INFO o.s.b.d.a.OptionalLiveReloadServer - LiveReload server is running on port 35729 
2025-10-06T16:22:21.721 [restartedMain] INFO o.a.c.h.Http11NioProtocol - Starting ProtocolHandler ["http-nio-8099"] 
2025-10-06T16:22:21.724 [restartedMain] INFO o.s.b.w.e.t.TomcatWebServer - Tomcat started on port 8099 (http) with context path '/' 
2025-10-06T16:22:21.728 [restartedMain] INFO c.u.UtmostApplication - Started UtmostApplication in 0.332 seconds (process running for 4740.809) 
2025-10-06T16:22:21.729 [restartedMain] INFO o.s.b.d.a.ConditionEvaluationDeltaLoggingListener - Condition evaluation unchanged 
2025-10-06T16:22:21.766 [http-nio-8099-exec-1] INFO o.a.c.c.C.[.[.[/] - Initializing Spring DispatcherServlet 'dispatcherServlet' 
2025-10-06T16:22:21.766 [http-nio-8099-exec-1] INFO o.s.w.s.DispatcherServlet - Initializing Servlet 'dispatcherServlet' 
2025-10-06T16:22:21.767 [http-nio-8099-exec-1] INFO o.s.w.s.DispatcherServlet - Completed initialization in 1 ms 
2025-10-06T16:26:33.550 [http-nio-8099-exec-6] ERROR o.t.TemplateEngine - [THYMELEAF][http-nio-8099-exec-6] Exception processing template "xdm/index/indexXdmView": An error happened during template parsing (template: "class path resource [templates/xdm/index/indexXdmView.html]") 
org.thymeleaf.exceptions.TemplateInputException: An error happened during template parsing (template: "class path resource [templates/xdm/index/indexXdmView.html]")
	at org.thymeleaf.templateparser.markup.AbstractMarkupTemplateParser.parse(AbstractMarkupTemplateParser.java:241)
	at org.thymeleaf.templateparser.markup.AbstractMarkupTemplateParser.parseStandalone(AbstractMarkupTemplateParser.java:100)
	at org.thymeleaf.engine.TemplateManager.parseAndProcess(TemplateManager.java:666)
	at org.thymeleaf.TemplateEngine.process(TemplateEngine.java:1103)
	at org.thymeleaf.TemplateEngine.process(TemplateEngine.java:1077)
	at org.thymeleaf.spring6.view.ThymeleafView.renderFragment(ThymeleafView.java:372)
	at org.thymeleaf.spring6.view.ThymeleafView.render(ThymeleafView.java:192)
	at org.springframework.web.servlet.DispatcherServlet.render(DispatcherServlet.java:1438)
	at org.springframework.web.servlet.DispatcherServlet.processDispatchResult(DispatcherServlet.java:1168)
	at org.springframework.web.servlet.DispatcherServlet.doDispatch(DispatcherServlet.java:1106)
	at org.springframework.web.servlet.DispatcherServlet.doService(DispatcherServlet.java:979)
	at org.springframework.web.servlet.FrameworkServlet.processRequest(FrameworkServlet.java:1014)
	at org.springframework.web.servlet.FrameworkServlet.doGet(FrameworkServlet.java:903)
	at jakarta.servlet.http.HttpServlet.service(HttpServlet.java:564)
	at org.springframework.web.servlet.FrameworkServlet.service(FrameworkServlet.java:885)
	at jakarta.servlet.http.HttpServlet.service(HttpServlet.java:658)
	at org.apache.catalina.core.ApplicationFilterChain.internalDoFilter(ApplicationFilterChain.java:195)
	at org.apache.catalina.core.ApplicationFilterChain.doFilter(ApplicationFilterChain.java:140)
	at org.apache.tomcat.websocket.server.WsFilter.doFilter(WsFilter.java:51)
	at org.apache.catalina.core.ApplicationFilterChain.internalDoFilter(ApplicationFilterChain.java:164)
	at org.apache.catalina.core.ApplicationFilterChain.doFilter(ApplicationFilterChain.java:140)
	at org.springframework.web.filter.RequestContextFilter.doFilterInternal(RequestContextFilter.java:100)
	at org.springframework.web.filter.OncePerRequestFilter.doFilter(OncePerRequestFilter.java:116)
	at org.apache.catalina.core.ApplicationFilterChain.internalDoFilter(ApplicationFilterChain.java:164)
	at org.apache.catalina.core.ApplicationFilterChain.doFilter(ApplicationFilterChain.java:140)
	at org.springframework.web.filter.FormContentFilter.doFilterInternal(FormContentFilter.java:93)
	at org.springframework.web.filter.OncePerRequestFilter.doFilter(OncePerRequestFilter.java:116)
	at org.apache.catalina.core.ApplicationFilterChain.internalDoFilter(ApplicationFilterChain.java:164)
	at org.apache.catalina.core.ApplicationFilterChain.doFilter(ApplicationFilterChain.java:140)
	at org.springframework.web.filter.CharacterEncodingFilter.doFilterInternal(CharacterEncodingFilter.java:201)
	at org.springframework.web.filter.OncePerRequestFilter.doFilter(OncePerRequestFilter.java:116)
	at org.apache.catalina.core.ApplicationFilterChain.internalDoFilter(ApplicationFilterChain.java:164)
	at org.apache.catalina.core.ApplicationFilterChain.doFilter(ApplicationFilterChain.java:140)
	at org.apache.catalina.core.StandardWrapperValve.invoke(StandardWrapperValve.java:167)
	at org.apache.catalina.core.StandardContextValve.invoke(StandardContextValve.java:90)
	at org.apache.catalina.authenticator.AuthenticatorBase.invoke(AuthenticatorBase.java:483)
	at org.apache.catalina.core.StandardHostValve.invoke(StandardHostValve.java:116)
	at org.apache.catalina.valves.ErrorReportValve.invoke(ErrorReportValve.java:93)
	at org.apache.catalina.core.StandardEngineValve.invoke(StandardEngineValve.java:74)
	at org.apache.catalina.connector.CoyoteAdapter.service(CoyoteAdapter.java:344)
	at org.apache.coyote.http11.Http11Processor.service(Http11Processor.java:398)
	at org.apache.coyote.AbstractProcessorLight.process(AbstractProcessorLight.java:63)
	at org.apache.coyote.AbstractProtocol$ConnectionHandler.process(AbstractProtocol.java:903)
	at org.apache.tomcat.util.net.NioEndpoint$SocketProcessor.doRun(NioEndpoint.java:1776)
	at org.apache.tomcat.util.net.SocketProcessorBase.run(SocketProcessorBase.java:52)
	at org.apache.tomcat.util.threads.ThreadPoolExecutor.runWorker(ThreadPoolExecutor.java:975)
	at org.apache.tomcat.util.threads.ThreadPoolExecutor$Worker.run(ThreadPoolExecutor.java:493)
	at org.apache.tomcat.util.threads.TaskThread$WrappingRunnable.run(TaskThread.java:63)
	at java.base/java.lang.Thread.run(Thread.java:840)
Caused by: org.attoparser.ParseException: Error resolving template [xdm/include/includeXdmFalcon], template might not exist or might not be accessible by any of the configured Template Resolvers (template: "xdm/index/indexXdmView" - line 708, col 10)
	at org.attoparser.MarkupParser.parseDocument(MarkupParser.java:393)
	at org.attoparser.MarkupParser.parse(MarkupParser.java:257)
	at org.thymeleaf.templateparser.markup.AbstractMarkupTemplateParser.parse(AbstractMarkupTemplateParser.java:230)
	... 48 common frames omitted
Caused by: org.thymeleaf.exceptions.TemplateInputException: Error resolving template [xdm/include/includeXdmFalcon], template might not exist or might not be accessible by any of the configured Template Resolvers (template: "xdm/index/indexXdmView" - line 708, col 10)
	at org.thymeleaf.engine.TemplateManager.resolveTemplate(TemplateManager.java:869)
	at org.thymeleaf.engine.TemplateManager.parseStandalone(TemplateManager.java:250)
	at org.thymeleaf.standard.expression.FragmentExpression.resolveExecutedFragmentExpression(FragmentExpression.java:567)
	at org.thymeleaf.standard.processor.AbstractStandardFragmentInsertionTagProcessor.computeFragment(AbstractStandardFragmentInsertionTagProcessor.java:419)
	at org.thymeleaf.standard.processor.AbstractStandardFragmentInsertionTagProcessor.doProcess(AbstractStandardFragmentInsertionTagProcessor.java:115)
	at org.thymeleaf.processor.element.AbstractAttributeTagProcessor.doProcess(AbstractAttributeTagProcessor.java:74)
	at org.thymeleaf.processor.element.AbstractElementTagProcessor.process(AbstractElementTagProcessor.java:95)
	at org.thymeleaf.util.ProcessorConfigurationUtils$ElementTagProcessorWrapper.process(ProcessorConfigurationUtils.java:633)
	at org.thymeleaf.engine.ProcessorTemplateHandler.handleOpenElement(ProcessorTemplateHandler.java:1314)
	at org.thymeleaf.engine.TemplateHandlerAdapterMarkupHandler.handleOpenElementEnd(TemplateHandlerAdapterMarkupHandler.java:304)
	at org.thymeleaf.templateparser.markup.InlinedOutputExpressionMarkupHandler$InlineMarkupAdapterPreProcessorHandler.handleOpenElementEnd(InlinedOutputExpressionMarkupHandler.java:278)
	at org.thymeleaf.standard.inline.OutputExpressionInlinePreProcessorHandler.handleOpenElementEnd(OutputExpressionInlinePreProcessorHandler.java:186)
	at org.thymeleaf.templateparser.markup.InlinedOutputExpressionMarkupHandler.handleOpenElementEnd(InlinedOutputExpressionMarkupHandler.java:124)
	at org.attoparser.HtmlElement.handleOpenElementEnd(HtmlElement.java:109)
	at org.attoparser.HtmlMarkupHandler.handleOpenElementEnd(HtmlMarkupHandler.java:297)
	at org.attoparser.MarkupEventProcessorHandler.handleOpenElementEnd(MarkupEventProcessorHandler.java:402)
	at org.attoparser.ParsingElementMarkupUtil.parseOpenElement(ParsingElementMarkupUtil.java:159)
	at org.attoparser.MarkupParser.parseBuffer(MarkupParser.java:710)
	at org.attoparser.MarkupParser.parseDocument(MarkupParser.java:301)
	... 50 common frames omitted
2025-10-06T16:26:33.551 [http-nio-8099-exec-6] ERROR o.a.c.c.C.[.[.[.[dispatcherServlet] - Servlet.service() for servlet [dispatcherServlet] in context with path [] threw exception [Request processing failed: org.thymeleaf.exceptions.TemplateInputException: An error happened during template parsing (template: "class path resource [templates/xdm/index/indexXdmView.html]")] with root cause 
org.thymeleaf.exceptions.TemplateInputException: Error resolving template [xdm/include/includeXdmFalcon], template might not exist or might not be accessible by any of the configured Template Resolvers (template: "xdm/index/indexXdmView" - line 708, col 10)
	at org.thymeleaf.engine.TemplateManager.resolveTemplate(TemplateManager.java:869)
	at org.thymeleaf.engine.TemplateManager.parseStandalone(TemplateManager.java:250)
	at org.thymeleaf.standard.expression.FragmentExpression.resolveExecutedFragmentExpression(FragmentExpression.java:567)
	at org.thymeleaf.standard.processor.AbstractStandardFragmentInsertionTagProcessor.computeFragment(AbstractStandardFragmentInsertionTagProcessor.java:419)
	at org.thymeleaf.standard.processor.AbstractStandardFragmentInsertionTagProcessor.doProcess(AbstractStandardFragmentInsertionTagProcessor.java:115)
	at org.thymeleaf.processor.element.AbstractAttributeTagProcessor.doProcess(AbstractAttributeTagProcessor.java:74)
	at org.thymeleaf.processor.element.AbstractElementTagProcessor.process(AbstractElementTagProcessor.java:95)
	at org.thymeleaf.util.ProcessorConfigurationUtils$ElementTagProcessorWrapper.process(ProcessorConfigurationUtils.java:633)
	at org.thymeleaf.engine.ProcessorTemplateHandler.handleOpenElement(ProcessorTemplateHandler.java:1314)
	at org.thymeleaf.engine.TemplateHandlerAdapterMarkupHandler.handleOpenElementEnd(TemplateHandlerAdapterMarkupHandler.java:304)
	at org.thymeleaf.templateparser.markup.InlinedOutputExpressionMarkupHandler$InlineMarkupAdapterPreProcessorHandler.handleOpenElementEnd(InlinedOutputExpressionMarkupHandler.java:278)
	at org.thymeleaf.standard.inline.OutputExpressionInlinePreProcessorHandler.handleOpenElementEnd(OutputExpressionInlinePreProcessorHandler.java:186)
	at org.thymeleaf.templateparser.markup.InlinedOutputExpressionMarkupHandler.handleOpenElementEnd(InlinedOutputExpressionMarkupHandler.java:124)
	at org.attoparser.HtmlElement.handleOpenElementEnd(HtmlElement.java:109)
	at org.attoparser.HtmlMarkupHandler.handleOpenElementEnd(HtmlMarkupHandler.java:297)
	at org.attoparser.MarkupEventProcessorHandler.handleOpenElementEnd(MarkupEventProcessorHandler.java:402)
	at org.attoparser.ParsingElementMarkupUtil.parseOpenElement(ParsingElementMarkupUtil.java:159)
	at org.attoparser.MarkupParser.parseBuffer(MarkupParser.java:710)
	at org.attoparser.MarkupParser.parseDocument(MarkupParser.java:301)
	at org.attoparser.MarkupParser.parse(MarkupParser.java:257)
	at org.thymeleaf.templateparser.markup.AbstractMarkupTemplateParser.parse(AbstractMarkupTemplateParser.java:230)
	at org.thymeleaf.templateparser.markup.AbstractMarkupTemplateParser.parseStandalone(AbstractMarkupTemplateParser.java:100)
	at org.thymeleaf.engine.TemplateManager.parseAndProcess(TemplateManager.java:666)
	at org.thymeleaf.TemplateEngine.process(TemplateEngine.java:1103)
	at org.thymeleaf.TemplateEngine.process(TemplateEngine.java:1077)
	at org.thymeleaf.spring6.view.ThymeleafView.renderFragment(ThymeleafView.java:372)
	at org.thymeleaf.spring6.view.ThymeleafView.render(ThymeleafView.java:192)
	at org.springframework.web.servlet.DispatcherServlet.render(DispatcherServlet.java:1438)
	at org.springframework.web.servlet.DispatcherServlet.processDispatchResult(DispatcherServlet.java:1168)
	at org.springframework.web.servlet.DispatcherServlet.doDispatch(DispatcherServlet.java:1106)
	at org.springframework.web.servlet.DispatcherServlet.doService(DispatcherServlet.java:979)
	at org.springframework.web.servlet.FrameworkServlet.processRequest(FrameworkServlet.java:1014)
	at org.springframework.web.servlet.FrameworkServlet.doGet(FrameworkServlet.java:903)
	at jakarta.servlet.http.HttpServlet.service(HttpServlet.java:564)
	at org.springframework.web.servlet.FrameworkServlet.service(FrameworkServlet.java:885)
	at jakarta.servlet.http.HttpServlet.service(HttpServlet.java:658)
	at org.apache.catalina.core.ApplicationFilterChain.internalDoFilter(ApplicationFilterChain.java:195)
	at org.apache.catalina.core.ApplicationFilterChain.doFilter(ApplicationFilterChain.java:140)
	at org.apache.tomcat.websocket.server.WsFilter.doFilter(WsFilter.java:51)
	at org.apache.catalina.core.ApplicationFilterChain.internalDoFilter(ApplicationFilterChain.java:164)
	at org.apache.catalina.core.ApplicationFilterChain.doFilter(ApplicationFilterChain.java:140)
	at org.springframework.web.filter.RequestContextFilter.doFilterInternal(RequestContextFilter.java:100)
	at org.springframework.web.filter.OncePerRequestFilter.doFilter(OncePerRequestFilter.java:116)
	at org.apache.catalina.core.ApplicationFilterChain.internalDoFilter(ApplicationFilterChain.java:164)
	at org.apache.catalina.core.ApplicationFilterChain.doFilter(ApplicationFilterChain.java:140)
	at org.springframework.web.filter.FormContentFilter.doFilterInternal(FormContentFilter.java:93)
	at org.springframework.web.filter.OncePerRequestFilter.doFilter(OncePerRequestFilter.java:116)
	at org.apache.catalina.core.ApplicationFilterChain.internalDoFilter(ApplicationFilterChain.java:164)
	at org.apache.catalina.core.ApplicationFilterChain.doFilter(ApplicationFilterChain.java:140)
	at org.springframework.web.filter.CharacterEncodingFilter.doFilterInternal(CharacterEncodingFilter.java:201)
	at org.springframework.web.filter.OncePerRequestFilter.doFilter(OncePerRequestFilter.java:116)
	at org.apache.catalina.core.ApplicationFilterChain.internalDoFilter(ApplicationFilterChain.java:164)
	at org.apache.catalina.core.ApplicationFilterChain.doFilter(ApplicationFilterChain.java:140)
	at org.apache.catalina.core.StandardWrapperValve.invoke(StandardWrapperValve.java:167)
	at org.apache.catalina.core.StandardContextValve.invoke(StandardContextValve.java:90)
	at org.apache.catalina.authenticator.AuthenticatorBase.invoke(AuthenticatorBase.java:483)
	at org.apache.catalina.core.StandardHostValve.invoke(StandardHostValve.java:116)
	at org.apache.catalina.valves.ErrorReportValve.invoke(ErrorReportValve.java:93)
	at org.apache.catalina.core.StandardEngineValve.invoke(StandardEngineValve.java:74)
	at org.apache.catalina.connector.CoyoteAdapter.service(CoyoteAdapter.java:344)
	at org.apache.coyote.http11.Http11Processor.service(Http11Processor.java:398)
	at org.apache.coyote.AbstractProcessorLight.process(AbstractProcessorLight.java:63)
	at org.apache.coyote.AbstractProtocol$ConnectionHandler.process(AbstractProtocol.java:903)
	at org.apache.tomcat.util.net.NioEndpoint$SocketProcessor.doRun(NioEndpoint.java:1776)
	at org.apache.tomcat.util.net.SocketProcessorBase.run(SocketProcessorBase.java:52)
	at org.apache.tomcat.util.threads.ThreadPoolExecutor.runWorker(ThreadPoolExecutor.java:975)
	at org.apache.tomcat.util.threads.ThreadPoolExecutor$Worker.run(ThreadPoolExecutor.java:493)
	at org.apache.tomcat.util.threads.TaskThread$WrappingRunnable.run(TaskThread.java:63)
	at java.base/java.lang.Thread.run(Thread.java:840)
2025-10-06T16:26:33.568 [http-nio-8099-exec-6] ERROR o.s.b.a.w.s.e.ErrorMvcAutoConfiguration$StaticView - Cannot render error page for request [/xdm/indexXdmView] and exception [An error happened during template parsing (template: "class path resource [templates/xdm/index/indexXdmView.html]")] as the response has already been committed. As a result, the response may have the wrong status code. 
2025-10-06T16:51:29.633 [File Watcher] INFO o.s.b.d.a.LocalDevToolsAutoConfiguration$RestartingClassPathChangeChangedEventListener - Restarting due to 1 class path change (0 additions, 0 deletions, 1 modification) 
2025-10-06T16:51:29.634 [Thread-134] INFO o.s.b.w.e.t.GracefulShutdown - Commencing graceful shutdown. Waiting for active requests to complete 
2025-10-06T16:51:29.635 [tomcat-shutdown] INFO o.a.c.h.Http11NioProtocol - Pausing ProtocolHandler ["http-nio-8099"] 
2025-10-06T16:51:29.715 [tomcat-shutdown] INFO o.s.b.w.e.t.GracefulShutdown - Graceful shutdown complete 
2025-10-06T16:51:29.715 [Thread-134] INFO o.a.c.h.Http11NioProtocol - Stopping ProtocolHandler ["http-nio-8099"] 
2025-10-06T16:51:29.778 [restartedMain] INFO c.u.UtmostApplication - Starting UtmostApplication using Java 17.0.13 with PID 20812 (C:\factory\ws_sts_4281\repo_utmost\utmost\bin\main started by Jun in C:\factory\ws_sts_4281\repo_utmost\utmost) 
2025-10-06T16:51:29.778 [restartedMain] INFO c.u.UtmostApplication - The following 1 profile is active: "external" 
2025-10-06T16:51:29.992 [restartedMain] INFO o.s.b.w.e.t.TomcatWebServer - Tomcat initialized with port 8099 (http) 
2025-10-06T16:51:29.992 [restartedMain] INFO o.a.c.h.Http11NioProtocol - Initializing ProtocolHandler ["http-nio-8099"] 
2025-10-06T16:51:29.992 [restartedMain] INFO o.a.c.c.StandardService - Starting service [Tomcat] 
2025-10-06T16:51:29.992 [restartedMain] INFO o.a.c.c.StandardEngine - Starting Servlet engine: [Apache Tomcat/10.1.46] 
2025-10-06T16:51:30.009 [restartedMain] INFO o.a.c.c.C.[.[.[/] - Initializing Spring embedded WebApplicationContext 
2025-10-06T16:51:30.009 [restartedMain] INFO o.s.b.w.s.c.ServletWebServerApplicationContext - Root WebApplicationContext: initialization completed in 230 ms 
2025-10-06T16:51:30.112 [restartedMain] INFO o.s.b.d.a.OptionalLiveReloadServer - LiveReload server is running on port 35729 
2025-10-06T16:51:30.118 [restartedMain] INFO o.a.c.h.Http11NioProtocol - Starting ProtocolHandler ["http-nio-8099"] 
2025-10-06T16:51:30.121 [restartedMain] INFO o.s.b.w.e.t.TomcatWebServer - Tomcat started on port 8099 (http) with context path '/' 
2025-10-06T16:51:30.125 [restartedMain] INFO c.u.UtmostApplication - Started UtmostApplication in 0.374 seconds (process running for 6489.206) 
2025-10-06T16:51:30.126 [restartedMain] INFO o.s.b.d.a.ConditionEvaluationDeltaLoggingListener - Condition evaluation unchanged 
2025-10-06T16:51:56.103 [http-nio-8099-exec-1] INFO o.a.c.c.C.[.[.[/] - Initializing Spring DispatcherServlet 'dispatcherServlet' 
2025-10-06T16:51:56.103 [http-nio-8099-exec-1] INFO o.s.w.s.DispatcherServlet - Initializing Servlet 'dispatcherServlet' 
2025-10-06T16:51:56.103 [http-nio-8099-exec-1] INFO o.s.w.s.DispatcherServlet - Completed initialization in 0 ms 
2025-10-06T16:59:48.865 [File Watcher] INFO o.s.b.d.a.LocalDevToolsAutoConfiguration$RestartingClassPathChangeChangedEventListener - Restarting due to 11 class path changes (0 additions, 0 deletions, 11 modifications) 
2025-10-06T16:59:48.866 [Thread-141] INFO o.s.b.w.e.t.GracefulShutdown - Commencing graceful shutdown. Waiting for active requests to complete 
2025-10-06T16:59:48.866 [tomcat-shutdown] INFO o.a.c.h.Http11NioProtocol - Pausing ProtocolHandler ["http-nio-8099"] 
2025-10-06T16:59:48.938 [tomcat-shutdown] INFO o.s.b.w.e.t.GracefulShutdown - Graceful shutdown complete 
2025-10-06T16:59:48.938 [Thread-141] INFO o.a.c.h.Http11NioProtocol - Stopping ProtocolHandler ["http-nio-8099"] 
2025-10-06T16:59:49.008 [restartedMain] INFO c.u.UtmostApplication - Starting UtmostApplication using Java 17.0.13 with PID 20812 (C:\factory\ws_sts_4281\repo_utmost\utmost\bin\main started by Jun in C:\factory\ws_sts_4281\repo_utmost\utmost) 
2025-10-06T16:59:49.008 [restartedMain] INFO c.u.UtmostApplication - The following 1 profile is active: "external" 
2025-10-06T16:59:49.224 [restartedMain] INFO o.s.b.w.e.t.TomcatWebServer - Tomcat initialized with port 8099 (http) 
2025-10-06T16:59:49.224 [restartedMain] INFO o.a.c.h.Http11NioProtocol - Initializing ProtocolHandler ["http-nio-8099"] 
2025-10-06T16:59:49.224 [restartedMain] INFO o.a.c.c.StandardService - Starting service [Tomcat] 
2025-10-06T16:59:49.224 [restartedMain] INFO o.a.c.c.StandardEngine - Starting Servlet engine: [Apache Tomcat/10.1.46] 
2025-10-06T16:59:49.241 [restartedMain] INFO o.a.c.c.C.[.[.[/] - Initializing Spring embedded WebApplicationContext 
2025-10-06T16:59:49.241 [restartedMain] INFO o.s.b.w.s.c.ServletWebServerApplicationContext - Root WebApplicationContext: initialization completed in 231 ms 
2025-10-06T16:59:49.295 [restartedMain] WARN o.s.b.w.s.c.AnnotationConfigServletWebServerApplicationContext - Exception encountered during context initialization - cancelling refresh attempt: org.springframework.beans.factory.BeanCreationException: Error creating bean with name 'requestMappingHandlerMapping' defined in class path resource [org/springframework/boot/autoconfigure/web/servlet/WebMvcAutoConfiguration$EnableWebMvcConfiguration.class]: Ambiguous mapping. Cannot map 'codeGroupController' method 
com.utmost.module.codegroup.CodeGroupController#codegroupXdmForm(Model, CodeGroupVo, CodeGroupDto, HttpSession)
to { [/xdm/codegroup/CodeGroupXdmList]}: There is already 'codeGroupController' bean method
com.utmost.module.codegroup.CodeGroupController#codegroupXdmList(Model, CodeGroupVo, CodeGroupDto, HttpSession) mapped. 
2025-10-06T16:59:49.295 [restartedMain] INFO o.a.c.c.StandardService - Stopping service [Tomcat] 
2025-10-06T16:59:49.300 [restartedMain] INFO o.s.b.a.l.ConditionEvaluationReportLogger - 

Error starting ApplicationContext. To display the condition evaluation report re-run your application with 'debug' enabled. 
2025-10-06T16:59:49.304 [restartedMain] ERROR o.s.b.SpringApplication - Application run failed 
org.springframework.beans.factory.BeanCreationException: Error creating bean with name 'requestMappingHandlerMapping' defined in class path resource [org/springframework/boot/autoconfigure/web/servlet/WebMvcAutoConfiguration$EnableWebMvcConfiguration.class]: Ambiguous mapping. Cannot map 'codeGroupController' method 
com.utmost.module.codegroup.CodeGroupController#codegroupXdmForm(Model, CodeGroupVo, CodeGroupDto, HttpSession)
to { [/xdm/codegroup/CodeGroupXdmList]}: There is already 'codeGroupController' bean method
com.utmost.module.codegroup.CodeGroupController#codegroupXdmList(Model, CodeGroupVo, CodeGroupDto, HttpSession) mapped.
	at org.springframework.beans.factory.support.AbstractAutowireCapableBeanFactory.initializeBean(AbstractAutowireCapableBeanFactory.java:1826)
	at org.springframework.beans.factory.support.AbstractAutowireCapableBeanFactory.doCreateBean(AbstractAutowireCapableBeanFactory.java:607)
	at org.springframework.beans.factory.support.AbstractAutowireCapableBeanFactory.createBean(AbstractAutowireCapableBeanFactory.java:529)
	at org.springframework.beans.factory.support.AbstractBeanFactory.lambda$doGetBean$0(AbstractBeanFactory.java:339)
	at org.springframework.beans.factory.support.DefaultSingletonBeanRegistry.getSingleton(DefaultSingletonBeanRegistry.java:373)
	at org.springframework.beans.factory.support.AbstractBeanFactory.doGetBean(AbstractBeanFactory.java:337)
	at org.springframework.beans.factory.support.AbstractBeanFactory.getBean(AbstractBeanFactory.java:202)
	at org.springframework.beans.factory.support.DefaultListableBeanFactory.instantiateSingleton(DefaultListableBeanFactory.java:1221)
	at org.springframework.beans.factory.support.DefaultListableBeanFactory.preInstantiateSingleton(DefaultListableBeanFactory.java:1187)
	at org.springframework.beans.factory.support.DefaultListableBeanFactory.preInstantiateSingletons(DefaultListableBeanFactory.java:1123)
	at org.springframework.context.support.AbstractApplicationContext.finishBeanFactoryInitialization(AbstractApplicationContext.java:987)
	at org.springframework.context.support.AbstractApplicationContext.refresh(AbstractApplicationContext.java:627)
	at org.springframework.boot.web.servlet.context.ServletWebServerApplicationContext.refresh(ServletWebServerApplicationContext.java:146)
	at org.springframework.boot.SpringApplication.refresh(SpringApplication.java:752)
	at org.springframework.boot.SpringApplication.refreshContext(SpringApplication.java:439)
	at org.springframework.boot.SpringApplication.run(SpringApplication.java:318)
	at org.springframework.boot.SpringApplication.run(SpringApplication.java:1361)
	at org.springframework.boot.SpringApplication.run(SpringApplication.java:1350)
	at com.utmost.UtmostApplication.main(UtmostApplication.java:10)
	at java.base/jdk.internal.reflect.NativeMethodAccessorImpl.invoke0(Native Method)
	at java.base/jdk.internal.reflect.NativeMethodAccessorImpl.invoke(NativeMethodAccessorImpl.java:77)
	at java.base/jdk.internal.reflect.DelegatingMethodAccessorImpl.invoke(DelegatingMethodAccessorImpl.java:43)
	at java.base/java.lang.reflect.Method.invoke(Method.java:569)
	at org.springframework.boot.devtools.restart.RestartLauncher.run(RestartLauncher.java:50)
Caused by: java.lang.IllegalStateException: Ambiguous mapping. Cannot map 'codeGroupController' method 
com.utmost.module.codegroup.CodeGroupController#codegroupXdmForm(Model, CodeGroupVo, CodeGroupDto, HttpSession)
to { [/xdm/codegroup/CodeGroupXdmList]}: There is already 'codeGroupController' bean method
com.utmost.module.codegroup.CodeGroupController#codegroupXdmList(Model, CodeGroupVo, CodeGroupDto, HttpSession) mapped.
	at org.springframework.web.servlet.handler.AbstractHandlerMethodMapping$MappingRegistry.validateMethodMapping(AbstractHandlerMethodMapping.java:676)
	at org.springframework.web.servlet.handler.AbstractHandlerMethodMapping$MappingRegistry.register(AbstractHandlerMethodMapping.java:637)
	at org.springframework.web.servlet.handler.AbstractHandlerMethodMapping.registerHandlerMethod(AbstractHandlerMethodMapping.java:331)
	at org.springframework.web.servlet.mvc.method.annotation.RequestMappingHandlerMapping.registerHandlerMethod(RequestMappingHandlerMapping.java:507)
	at org.springframework.web.servlet.mvc.method.annotation.RequestMappingHandlerMapping.registerHandlerMethod(RequestMappingHandlerMapping.java:84)
	at org.springframework.web.servlet.handler.AbstractHandlerMethodMapping.lambda$detectHandlerMethods$2(AbstractHandlerMethodMapping.java:298)
	at java.base/java.util.LinkedHashMap.forEach(LinkedHashMap.java:721)
	at org.springframework.web.servlet.handler.AbstractHandlerMethodMapping.detectHandlerMethods(AbstractHandlerMethodMapping.java:296)
	at org.springframework.web.servlet.handler.AbstractHandlerMethodMapping.processCandidateBean(AbstractHandlerMethodMapping.java:265)
	at org.springframework.web.servlet.handler.AbstractHandlerMethodMapping.initHandlerMethods(AbstractHandlerMethodMapping.java:224)
	at org.springframework.web.servlet.handler.AbstractHandlerMethodMapping.afterPropertiesSet(AbstractHandlerMethodMapping.java:212)
	at org.springframework.web.servlet.mvc.method.annotation.RequestMappingHandlerMapping.afterPropertiesSet(RequestMappingHandlerMapping.java:237)
	at org.springframework.beans.factory.support.AbstractAutowireCapableBeanFactory.invokeInitMethods(AbstractAutowireCapableBeanFactory.java:1873)
	at org.springframework.beans.factory.support.AbstractAutowireCapableBeanFactory.initializeBean(AbstractAutowireCapableBeanFactory.java:1822)
	... 23 common frames omitted
2025-10-06T16:59:54.962 [restartedMain] INFO c.u.UtmostApplication - Starting UtmostApplication using Java 17.0.13 with PID 20812 (C:\factory\ws_sts_4281\repo_utmost\utmost\bin\main started by Jun in C:\factory\ws_sts_4281\repo_utmost\utmost) 
2025-10-06T16:59:54.963 [restartedMain] INFO c.u.UtmostApplication - The following 1 profile is active: "external" 
2025-10-06T16:59:55.145 [restartedMain] INFO o.s.b.w.e.t.TomcatWebServer - Tomcat initialized with port 8099 (http) 
2025-10-06T16:59:55.145 [restartedMain] INFO o.a.c.h.Http11NioProtocol - Initializing ProtocolHandler ["http-nio-8099"] 
2025-10-06T16:59:55.145 [restartedMain] INFO o.a.c.c.StandardService - Starting service [Tomcat] 
2025-10-06T16:59:55.145 [restartedMain] INFO o.a.c.c.StandardEngine - Starting Servlet engine: [Apache Tomcat/10.1.46] 
2025-10-06T16:59:55.163 [restartedMain] INFO o.a.c.c.C.[.[.[/] - Initializing Spring embedded WebApplicationContext 
2025-10-06T16:59:55.164 [restartedMain] INFO o.s.b.w.s.c.ServletWebServerApplicationContext - Root WebApplicationContext: initialization completed in 200 ms 
2025-10-06T16:59:55.254 [restartedMain] INFO o.s.b.d.a.OptionalLiveReloadServer - LiveReload server is running on port 35729 
2025-10-06T16:59:55.259 [restartedMain] INFO o.a.c.h.Http11NioProtocol - Starting ProtocolHandler ["http-nio-8099"] 
2025-10-06T16:59:55.262 [restartedMain] INFO o.s.b.w.e.t.TomcatWebServer - Tomcat started on port 8099 (http) with context path '/' 
2025-10-06T16:59:55.266 [restartedMain] INFO c.u.UtmostApplication - Started UtmostApplication in 0.325 seconds (process running for 6994.347) 
2025-10-06T16:59:55.267 [restartedMain] INFO o.s.b.d.a.ConditionEvaluationDeltaLoggingListener - Condition evaluation unchanged 
