2025-10-06T22:33:41.092 [File Watcher] INFO o.s.b.d.a.LocalDevToolsAutoConfiguration$RestartingClassPathChangeChangedEventListener - Restarting due to 1 class path change (1 addition, 0 deletions, 0 modifications) 
2025-10-06T22:33:41.104 [Thread-334] INFO o.s.b.w.e.t.GracefulShutdown - Commencing graceful shutdown. Waiting for active requests to complete 
2025-10-06T22:33:41.108 [tomcat-shutdown] INFO o.a.c.h.Http11NioProtocol - Pausing ProtocolHandler ["http-nio-8099"] 
2025-10-06T22:33:41.257 [tomcat-shutdown] INFO o.s.b.w.e.t.GracefulShutdown - Graceful shutdown complete 
2025-10-06T22:33:41.257 [Thread-334] INFO o.a.c.h.Http11NioProtocol - Stopping ProtocolHandler ["http-nio-8099"] 
2025-10-06T22:33:41.258 [Thread-334] INFO c.z.h.HikariDataSource - HikariPool-5 - Shutdown initiated... 
2025-10-06T22:33:41.262 [Thread-334] INFO c.z.h.HikariDataSource - HikariPool-5 - Shutdown completed. 
2025-10-06T22:33:41.347 [restartedMain] INFO c.u.UtmostApplication - Starting UtmostApplication using Java 17.0.13 with PID 20812 (C:\factory\ws_sts_4281\repo_utmost\utmost\bin\main started by Jun in C:\factory\ws_sts_4281\repo_utmost\utmost) 
2025-10-06T22:33:41.347 [restartedMain] INFO c.u.UtmostApplication - The following 1 profile is active: "external" 
2025-10-06T22:33:41.561 [restartedMain] INFO o.s.b.w.e.t.TomcatWebServer - Tomcat initialized with port 8099 (http) 
2025-10-06T22:33:41.562 [restartedMain] INFO o.a.c.h.Http11NioProtocol - Initializing ProtocolHandler ["http-nio-8099"] 
2025-10-06T22:33:41.562 [restartedMain] INFO o.a.c.c.StandardService - Starting service [Tomcat] 
2025-10-06T22:33:41.562 [restartedMain] INFO o.a.c.c.StandardEngine - Starting Servlet engine: [Apache Tomcat/10.1.46] 
2025-10-06T22:33:41.578 [restartedMain] INFO o.a.c.c.C.[.[.[/] - Initializing Spring embedded WebApplicationContext 
2025-10-06T22:33:41.578 [restartedMain] INFO o.s.b.w.s.c.ServletWebServerApplicationContext - Root WebApplicationContext: initialization completed in 229 ms 
2025-10-06T22:33:41.673 [restartedMain] INFO o.s.b.d.a.OptionalLiveReloadServer - LiveReload server is running on port 35729 
2025-10-06T22:33:41.679 [restartedMain] INFO o.a.c.h.Http11NioProtocol - Starting ProtocolHandler ["http-nio-8099"] 
2025-10-06T22:33:41.682 [restartedMain] INFO o.s.b.w.e.t.TomcatWebServer - Tomcat started on port 8099 (http) with context path '/' 
2025-10-06T22:33:41.688 [restartedMain] INFO c.u.UtmostApplication - Started UtmostApplication in 0.37 seconds (process running for 27021.011) 
2025-10-06T22:33:41.688 [restartedMain] INFO o.s.b.d.a.ConditionEvaluationDeltaLoggingListener - Condition evaluation unchanged 
2025-10-06T22:34:52.524 [File Watcher] INFO o.s.b.d.a.LocalDevToolsAutoConfiguration$RestartingClassPathChangeChangedEventListener - Restarting due to 1 class path change (1 addition, 0 deletions, 0 modifications) 
2025-10-06T22:34:52.525 [Thread-338] INFO o.s.b.w.e.t.GracefulShutdown - Commencing graceful shutdown. Waiting for active requests to complete 
2025-10-06T22:34:52.525 [tomcat-shutdown] INFO o.a.c.h.Http11NioProtocol - Pausing ProtocolHandler ["http-nio-8099"] 
2025-10-06T22:34:52.595 [tomcat-shutdown] INFO o.s.b.w.e.t.GracefulShutdown - Graceful shutdown complete 
2025-10-06T22:34:52.595 [Thread-338] INFO o.a.c.h.Http11NioProtocol - Stopping ProtocolHandler ["http-nio-8099"] 
2025-10-06T22:34:52.667 [restartedMain] INFO c.u.UtmostApplication - Starting UtmostApplication using Java 17.0.13 with PID 20812 (C:\factory\ws_sts_4281\repo_utmost\utmost\bin\main started by Jun in C:\factory\ws_sts_4281\repo_utmost\utmost) 
2025-10-06T22:34:52.667 [restartedMain] INFO c.u.UtmostApplication - The following 1 profile is active: "external" 
2025-10-06T22:34:52.852 [restartedMain] INFO o.s.b.w.e.t.TomcatWebServer - Tomcat initialized with port 8099 (http) 
2025-10-06T22:34:52.853 [restartedMain] INFO o.a.c.h.Http11NioProtocol - Initializing ProtocolHandler ["http-nio-8099"] 
2025-10-06T22:34:52.853 [restartedMain] INFO o.a.c.c.StandardService - Starting service [Tomcat] 
2025-10-06T22:34:52.853 [restartedMain] INFO o.a.c.c.StandardEngine - Starting Servlet engine: [Apache Tomcat/10.1.46] 
2025-10-06T22:34:52.868 [restartedMain] INFO o.a.c.c.C.[.[.[/] - Initializing Spring embedded WebApplicationContext 
2025-10-06T22:34:52.868 [restartedMain] INFO o.s.b.w.s.c.ServletWebServerApplicationContext - Root WebApplicationContext: initialization completed in 200 ms 
2025-10-06T22:34:52.902 [restartedMain] WARN o.s.b.w.s.c.AnnotationConfigServletWebServerApplicationContext - Exception encountered during context initialization - cancelling refresh attempt: org.springframework.beans.factory.BeanCreationException: Error creating bean with name 'welcomePageHandlerMapping' defined in class path resource [org/springframework/boot/autoconfigure/web/servlet/WebMvcAutoConfiguration$EnableWebMvcConfiguration.class]: Failed to instantiate [org.springframework.boot.autoconfigure.web.servlet.WelcomePageHandlerMapping]: Factory method 'welcomePageHandlerMapping' threw exception with message: Unresolved compilation problem: 
	CheckLoginSessionInterceptor cannot be resolved to a type
 
2025-10-06T22:34:52.902 [restartedMain] INFO o.a.c.c.StandardService - Stopping service [Tomcat] 
2025-10-06T22:34:52.908 [restartedMain] INFO o.s.b.a.l.ConditionEvaluationReportLogger - 

Error starting ApplicationContext. To display the condition evaluation report re-run your application with 'debug' enabled. 
2025-10-06T22:34:52.912 [restartedMain] ERROR o.s.b.SpringApplication - Application run failed 
org.springframework.beans.factory.BeanCreationException: Error creating bean with name 'welcomePageHandlerMapping' defined in class path resource [org/springframework/boot/autoconfigure/web/servlet/WebMvcAutoConfiguration$EnableWebMvcConfiguration.class]: Failed to instantiate [org.springframework.boot.autoconfigure.web.servlet.WelcomePageHandlerMapping]: Factory method 'welcomePageHandlerMapping' threw exception with message: Unresolved compilation problem: 
	CheckLoginSessionInterceptor cannot be resolved to a type

	at org.springframework.beans.factory.support.ConstructorResolver.instantiate(ConstructorResolver.java:657)
	at org.springframework.beans.factory.support.ConstructorResolver.instantiateUsingFactoryMethod(ConstructorResolver.java:645)
	at org.springframework.beans.factory.support.AbstractAutowireCapableBeanFactory.instantiateUsingFactoryMethod(AbstractAutowireCapableBeanFactory.java:1375)
	at org.springframework.beans.factory.support.AbstractAutowireCapableBeanFactory.createBeanInstance(AbstractAutowireCapableBeanFactory.java:1205)
	at org.springframework.beans.factory.support.AbstractAutowireCapableBeanFactory.doCreateBean(AbstractAutowireCapableBeanFactory.java:569)
	at org.springframework.beans.factory.support.AbstractAutowireCapableBeanFactory.createBean(AbstractAutowireCapableBeanFactory.java:529)
	at org.springframework.beans.factory.support.AbstractBeanFactory.lambda$doGetBean$0(AbstractBeanFactory.java:339)
	at org.springframework.beans.factory.support.DefaultSingletonBeanRegistry.getSingleton(DefaultSingletonBeanRegistry.java:373)
	at org.springframework.beans.factory.support.AbstractBeanFactory.doGetBean(AbstractBeanFactory.java:337)
	at org.springframework.beans.factory.support.AbstractBeanFactory.getBean(AbstractBeanFactory.java:202)
	at org.springframework.beans.factory.support.DefaultListableBeanFactory.instantiateSingleton(DefaultListableBeanFactory.java:1221)
	at org.springframework.beans.factory.support.DefaultListableBeanFactory.preInstantiateSingleton(DefaultListableBeanFactory.java:1187)
	at org.springframework.beans.factory.support.DefaultListableBeanFactory.preInstantiateSingletons(DefaultListableBeanFactory.java:1123)
	at org.springframework.context.support.AbstractApplicationContext.finishBeanFactoryInitialization(AbstractApplicationContext.java:987)
	at org.springframework.context.support.AbstractApplicationContext.refresh(AbstractApplicationContext.java:627)
	at org.springframework.boot.web.servlet.context.ServletWebServerApplicationContext.refresh(ServletWebServerApplicationContext.java:146)
	at org.springframework.boot.SpringApplication.refresh(SpringApplication.java:752)
	at org.springframework.boot.SpringApplication.refreshContext(SpringApplication.java:439)
	at org.springframework.boot.SpringApplication.run(SpringApplication.java:318)
	at org.springframework.boot.SpringApplication.run(SpringApplication.java:1361)
	at org.springframework.boot.SpringApplication.run(SpringApplication.java:1350)
	at com.utmost.UtmostApplication.main(UtmostApplication.java:10)
	at java.base/jdk.internal.reflect.NativeMethodAccessorImpl.invoke0(Native Method)
	at java.base/jdk.internal.reflect.NativeMethodAccessorImpl.invoke(NativeMethodAccessorImpl.java:77)
	at java.base/jdk.internal.reflect.DelegatingMethodAccessorImpl.invoke(DelegatingMethodAccessorImpl.java:43)
	at java.base/java.lang.reflect.Method.invoke(Method.java:569)
	at org.springframework.boot.devtools.restart.RestartLauncher.run(RestartLauncher.java:50)
Caused by: org.springframework.beans.BeanInstantiationException: Failed to instantiate [org.springframework.boot.autoconfigure.web.servlet.WelcomePageHandlerMapping]: Factory method 'welcomePageHandlerMapping' threw exception with message: Unresolved compilation problem: 
	CheckLoginSessionInterceptor cannot be resolved to a type

	at org.springframework.beans.factory.support.SimpleInstantiationStrategy.lambda$instantiate$0(SimpleInstantiationStrategy.java:200)
	at org.springframework.beans.factory.support.SimpleInstantiationStrategy.instantiateWithFactoryMethod(SimpleInstantiationStrategy.java:89)
	at org.springframework.beans.factory.support.SimpleInstantiationStrategy.instantiate(SimpleInstantiationStrategy.java:169)
	at org.springframework.beans.factory.support.ConstructorResolver.instantiate(ConstructorResolver.java:653)
	... 26 common frames omitted
Caused by: java.lang.Error: Unresolved compilation problem: 
	CheckLoginSessionInterceptor cannot be resolved to a type

	at com.utmost.common.config.WebMvcConfigurerImpl.addInterceptors(WebMvcConfigurerImpl.java:14)
	at org.springframework.web.servlet.config.annotation.WebMvcConfigurerComposite.addInterceptors(WebMvcConfigurerComposite.java:89)
	at org.springframework.web.servlet.config.annotation.DelegatingWebMvcConfiguration.addInterceptors(DelegatingWebMvcConfiguration.java:84)
	at org.springframework.web.servlet.config.annotation.WebMvcConfigurationSupport.getInterceptors(WebMvcConfigurationSupport.java:367)
	at org.springframework.boot.autoconfigure.web.servlet.WebMvcAutoConfiguration$EnableWebMvcConfiguration.createWelcomePageHandlerMapping(WebMvcAutoConfiguration.java:445)
	at org.springframework.boot.autoconfigure.web.servlet.WebMvcAutoConfiguration$EnableWebMvcConfiguration.welcomePageHandlerMapping(WebMvcAutoConfiguration.java:425)
	at java.base/jdk.internal.reflect.NativeMethodAccessorImpl.invoke0(Native Method)
	at java.base/jdk.internal.reflect.NativeMethodAccessorImpl.invoke(NativeMethodAccessorImpl.java:77)
	at java.base/jdk.internal.reflect.DelegatingMethodAccessorImpl.invoke(DelegatingMethodAccessorImpl.java:43)
	at java.base/java.lang.reflect.Method.invoke(Method.java:569)
	at org.springframework.beans.factory.support.SimpleInstantiationStrategy.lambda$instantiate$0(SimpleInstantiationStrategy.java:172)
	... 29 common frames omitted
2025-10-06T22:35:03.822 [restartedMain] INFO c.u.UtmostApplication - Starting UtmostApplication using Java 17.0.13 with PID 20812 (C:\factory\ws_sts_4281\repo_utmost\utmost\bin\main started by Jun in C:\factory\ws_sts_4281\repo_utmost\utmost) 
2025-10-06T22:35:03.822 [restartedMain] INFO c.u.UtmostApplication - The following 1 profile is active: "external" 
2025-10-06T22:35:04.049 [restartedMain] INFO o.s.b.w.e.t.TomcatWebServer - Tomcat initialized with port 8099 (http) 
2025-10-06T22:35:04.050 [restartedMain] INFO o.a.c.h.Http11NioProtocol - Initializing ProtocolHandler ["http-nio-8099"] 
2025-10-06T22:35:04.050 [restartedMain] INFO o.a.c.c.StandardService - Starting service [Tomcat] 
2025-10-06T22:35:04.050 [restartedMain] INFO o.a.c.c.StandardEngine - Starting Servlet engine: [Apache Tomcat/10.1.46] 
2025-10-06T22:35:04.070 [restartedMain] INFO o.a.c.c.C.[.[.[/] - Initializing Spring embedded WebApplicationContext 
2025-10-06T22:35:04.070 [restartedMain] INFO o.s.b.w.s.c.ServletWebServerApplicationContext - Root WebApplicationContext: initialization completed in 243 ms 
2025-10-06T22:35:04.207 [restartedMain] INFO o.s.b.d.a.OptionalLiveReloadServer - LiveReload server is running on port 35729 
2025-10-06T22:35:04.217 [restartedMain] INFO o.a.c.h.Http11NioProtocol - Starting ProtocolHandler ["http-nio-8099"] 
2025-10-06T22:35:04.220 [restartedMain] INFO o.s.b.w.e.t.TomcatWebServer - Tomcat started on port 8099 (http) with context path '/' 
2025-10-06T22:35:04.225 [restartedMain] INFO c.u.UtmostApplication - Started UtmostApplication in 0.428 seconds (process running for 27103.548) 
2025-10-06T22:35:04.226 [restartedMain] INFO o.s.b.d.a.ConditionEvaluationDeltaLoggingListener - Condition evaluation unchanged 
2025-10-06T22:35:13.931 [http-nio-8099-exec-1] INFO o.a.c.c.C.[.[.[/] - Initializing Spring DispatcherServlet 'dispatcherServlet' 
2025-10-06T22:35:13.931 [http-nio-8099-exec-1] INFO o.s.w.s.DispatcherServlet - Initializing Servlet 'dispatcherServlet' 
2025-10-06T22:35:13.931 [http-nio-8099-exec-1] INFO o.s.w.s.DispatcherServlet - Completed initialization in 0 ms 
2025-10-06T22:35:13.933 [http-nio-8099-exec-1] INFO c.z.h.HikariDataSource - HikariPool-6 - Starting... 
2025-10-06T22:35:13.944 [http-nio-8099-exec-1] INFO c.z.h.p.HikariPool - HikariPool-6 - Added connection com.mysql.cj.jdbc.ConnectionImpl@48734ab9 
2025-10-06T22:35:13.945 [http-nio-8099-exec-1] INFO c.z.h.HikariDataSource - HikariPool-6 - Start completed. 
2025-10-06T22:35:17.150 [File Watcher] INFO o.s.b.d.a.LocalDevToolsAutoConfiguration$RestartingClassPathChangeChangedEventListener - Restarting due to 1 class path change (0 additions, 0 deletions, 1 modification) 
2025-10-06T22:35:17.151 [Thread-342] INFO o.s.b.w.e.t.GracefulShutdown - Commencing graceful shutdown. Waiting for active requests to complete 
2025-10-06T22:35:17.151 [tomcat-shutdown] INFO o.a.c.h.Http11NioProtocol - Pausing ProtocolHandler ["http-nio-8099"] 
2025-10-06T22:35:17.222 [tomcat-shutdown] INFO o.s.b.w.e.t.GracefulShutdown - Graceful shutdown complete 
2025-10-06T22:35:17.222 [Thread-342] INFO o.a.c.h.Http11NioProtocol - Stopping ProtocolHandler ["http-nio-8099"] 
2025-10-06T22:35:17.223 [Thread-342] INFO c.z.h.HikariDataSource - HikariPool-6 - Shutdown initiated... 
2025-10-06T22:35:17.228 [Thread-342] INFO c.z.h.HikariDataSource - HikariPool-6 - Shutdown completed. 
2025-10-06T22:35:17.298 [restartedMain] INFO c.u.UtmostApplication - Starting UtmostApplication using Java 17.0.13 with PID 20812 (C:\factory\ws_sts_4281\repo_utmost\utmost\bin\main started by Jun in C:\factory\ws_sts_4281\repo_utmost\utmost) 
2025-10-06T22:35:17.298 [restartedMain] INFO c.u.UtmostApplication - The following 1 profile is active: "external" 
2025-10-06T22:35:17.503 [restartedMain] INFO o.s.b.w.e.t.TomcatWebServer - Tomcat initialized with port 8099 (http) 
2025-10-06T22:35:17.503 [restartedMain] INFO o.a.c.h.Http11NioProtocol - Initializing ProtocolHandler ["http-nio-8099"] 
2025-10-06T22:35:17.504 [restartedMain] INFO o.a.c.c.StandardService - Starting service [Tomcat] 
2025-10-06T22:35:17.504 [restartedMain] INFO o.a.c.c.StandardEngine - Starting Servlet engine: [Apache Tomcat/10.1.46] 
2025-10-06T22:35:17.522 [restartedMain] INFO o.a.c.c.C.[.[.[/] - Initializing Spring embedded WebApplicationContext 
2025-10-06T22:35:17.523 [restartedMain] INFO o.s.b.w.s.c.ServletWebServerApplicationContext - Root WebApplicationContext: initialization completed in 223 ms 
2025-10-06T22:35:17.610 [restartedMain] INFO o.s.b.d.a.OptionalLiveReloadServer - LiveReload server is running on port 35729 
2025-10-06T22:35:17.615 [restartedMain] INFO o.a.c.h.Http11NioProtocol - Starting ProtocolHandler ["http-nio-8099"] 
2025-10-06T22:35:17.618 [restartedMain] INFO o.s.b.w.e.t.TomcatWebServer - Tomcat started on port 8099 (http) with context path '/' 
2025-10-06T22:35:17.626 [http-nio-8099-exec-5] INFO o.a.c.c.C.[.[.[/] - Initializing Spring DispatcherServlet 'dispatcherServlet' 
2025-10-06T22:35:17.626 [http-nio-8099-exec-5] INFO o.s.w.s.DispatcherServlet - Initializing Servlet 'dispatcherServlet' 
2025-10-06T22:35:17.626 [http-nio-8099-exec-5] INFO o.s.w.s.DispatcherServlet - Completed initialization in 0 ms 
2025-10-06T22:35:17.627 [restartedMain] INFO c.u.UtmostApplication - Started UtmostApplication in 0.354 seconds (process running for 27116.949) 
2025-10-06T22:35:17.627 [restartedMain] INFO o.s.b.d.a.ConditionEvaluationDeltaLoggingListener - Condition evaluation unchanged 
2025-10-06T22:35:36.120 [File Watcher] INFO o.s.b.d.a.LocalDevToolsAutoConfiguration$RestartingClassPathChangeChangedEventListener - Restarting due to 1 class path change (0 additions, 0 deletions, 1 modification) 
2025-10-06T22:35:36.135 [Thread-349] INFO o.s.b.w.e.t.GracefulShutdown - Commencing graceful shutdown. Waiting for active requests to complete 
2025-10-06T22:35:36.147 [tomcat-shutdown] INFO o.a.c.h.Http11NioProtocol - Pausing ProtocolHandler ["http-nio-8099"] 
2025-10-06T22:35:36.421 [tomcat-shutdown] INFO o.s.b.w.e.t.GracefulShutdown - Graceful shutdown complete 
2025-10-06T22:35:36.422 [Thread-349] INFO o.a.c.h.Http11NioProtocol - Stopping ProtocolHandler ["http-nio-8099"] 
2025-10-06T22:35:36.513 [restartedMain] INFO c.u.UtmostApplication - Starting UtmostApplication using Java 17.0.13 with PID 20812 (C:\factory\ws_sts_4281\repo_utmost\utmost\bin\main started by Jun in C:\factory\ws_sts_4281\repo_utmost\utmost) 
2025-10-06T22:35:36.514 [restartedMain] INFO c.u.UtmostApplication - The following 1 profile is active: "external" 
2025-10-06T22:35:36.802 [restartedMain] INFO o.s.b.w.e.t.TomcatWebServer - Tomcat initialized with port 8099 (http) 
2025-10-06T22:35:36.802 [restartedMain] INFO o.a.c.h.Http11NioProtocol - Initializing ProtocolHandler ["http-nio-8099"] 
2025-10-06T22:35:36.802 [restartedMain] INFO o.a.c.c.StandardService - Starting service [Tomcat] 
2025-10-06T22:35:36.802 [restartedMain] INFO o.a.c.c.StandardEngine - Starting Servlet engine: [Apache Tomcat/10.1.46] 
2025-10-06T22:35:36.827 [restartedMain] INFO o.a.c.c.C.[.[.[/] - Initializing Spring embedded WebApplicationContext 
2025-10-06T22:35:36.829 [restartedMain] INFO o.s.b.w.s.c.ServletWebServerApplicationContext - Root WebApplicationContext: initialization completed in 312 ms 
2025-10-06T22:35:36.918 [restartedMain] INFO o.s.b.d.a.OptionalLiveReloadServer - LiveReload server is running on port 35729 
2025-10-06T22:35:36.923 [restartedMain] INFO o.a.c.h.Http11NioProtocol - Starting ProtocolHandler ["http-nio-8099"] 
2025-10-06T22:35:36.926 [restartedMain] INFO o.s.b.w.e.t.TomcatWebServer - Tomcat started on port 8099 (http) with context path '/' 
2025-10-06T22:35:36.933 [restartedMain] INFO c.u.UtmostApplication - Started UtmostApplication in 0.456 seconds (process running for 27136.256) 
2025-10-06T22:35:36.934 [restartedMain] INFO o.s.b.d.a.ConditionEvaluationDeltaLoggingListener - Condition evaluation unchanged 
2025-10-06T22:35:43.765 [http-nio-8099-exec-1] INFO o.a.c.c.C.[.[.[/] - Initializing Spring DispatcherServlet 'dispatcherServlet' 
2025-10-06T22:35:43.765 [http-nio-8099-exec-1] INFO o.s.w.s.DispatcherServlet - Initializing Servlet 'dispatcherServlet' 
2025-10-06T22:35:43.766 [http-nio-8099-exec-1] INFO o.s.w.s.DispatcherServlet - Completed initialization in 1 ms 
2025-10-06T22:36:22.970 [File Watcher] INFO o.s.b.d.a.LocalDevToolsAutoConfiguration$RestartingClassPathChangeChangedEventListener - Restarting due to 1 class path change (0 additions, 0 deletions, 1 modification) 
2025-10-06T22:36:22.971 [Thread-353] INFO o.s.b.w.e.t.GracefulShutdown - Commencing graceful shutdown. Waiting for active requests to complete 
2025-10-06T22:36:23.008 [tomcat-shutdown] INFO o.a.c.h.Http11NioProtocol - Pausing ProtocolHandler ["http-nio-8099"] 
2025-10-06T22:36:23.117 [tomcat-shutdown] INFO o.s.b.w.e.t.GracefulShutdown - Graceful shutdown complete 
2025-10-06T22:36:23.117 [Thread-353] INFO o.a.c.h.Http11NioProtocol - Stopping ProtocolHandler ["http-nio-8099"] 
2025-10-06T22:36:23.207 [restartedMain] INFO c.u.UtmostApplication - Starting UtmostApplication using Java 17.0.13 with PID 20812 (C:\factory\ws_sts_4281\repo_utmost\utmost\bin\main started by Jun in C:\factory\ws_sts_4281\repo_utmost\utmost) 
2025-10-06T22:36:23.207 [restartedMain] INFO c.u.UtmostApplication - The following 1 profile is active: "external" 
2025-10-06T22:36:23.496 [restartedMain] INFO o.s.b.w.e.t.TomcatWebServer - Tomcat initialized with port 8099 (http) 
2025-10-06T22:36:23.497 [restartedMain] INFO o.a.c.h.Http11NioProtocol - Initializing ProtocolHandler ["http-nio-8099"] 
2025-10-06T22:36:23.497 [restartedMain] INFO o.a.c.c.StandardService - Starting service [Tomcat] 
2025-10-06T22:36:23.497 [restartedMain] INFO o.a.c.c.StandardEngine - Starting Servlet engine: [Apache Tomcat/10.1.46] 
2025-10-06T22:36:23.518 [restartedMain] INFO o.a.c.c.C.[.[.[/] - Initializing Spring embedded WebApplicationContext 
2025-10-06T22:36:23.518 [restartedMain] INFO o.s.b.w.s.c.ServletWebServerApplicationContext - Root WebApplicationContext: initialization completed in 309 ms 
2025-10-06T22:36:23.718 [restartedMain] INFO o.s.b.d.a.OptionalLiveReloadServer - LiveReload server is running on port 35729 
2025-10-06T22:36:23.728 [restartedMain] INFO o.a.c.h.Http11NioProtocol - Starting ProtocolHandler ["http-nio-8099"] 
2025-10-06T22:36:23.737 [restartedMain] INFO o.s.b.w.e.t.TomcatWebServer - Tomcat started on port 8099 (http) with context path '/' 
2025-10-06T22:36:23.741 [restartedMain] INFO c.u.UtmostApplication - Started UtmostApplication in 0.566 seconds (process running for 27183.064) 
2025-10-06T22:36:23.742 [restartedMain] INFO o.s.b.d.a.ConditionEvaluationDeltaLoggingListener - Condition evaluation unchanged 
2025-10-06T22:36:25.301 [http-nio-8099-exec-3] INFO o.a.c.c.C.[.[.[/] - Initializing Spring DispatcherServlet 'dispatcherServlet' 
2025-10-06T22:36:25.301 [http-nio-8099-exec-3] INFO o.s.w.s.DispatcherServlet - Initializing Servlet 'dispatcherServlet' 
2025-10-06T22:36:25.301 [http-nio-8099-exec-3] INFO o.s.w.s.DispatcherServlet - Completed initialization in 0 ms 
2025-10-06T22:40:17.754 [File Watcher] INFO o.s.b.d.a.LocalDevToolsAutoConfiguration$RestartingClassPathChangeChangedEventListener - Restarting due to 1 class path change (0 additions, 0 deletions, 1 modification) 
2025-10-06T22:40:17.757 [Thread-357] INFO o.s.b.w.e.t.GracefulShutdown - Commencing graceful shutdown. Waiting for active requests to complete 
2025-10-06T22:40:17.761 [tomcat-shutdown] INFO o.a.c.h.Http11NioProtocol - Pausing ProtocolHandler ["http-nio-8099"] 
2025-10-06T22:40:18.115 [tomcat-shutdown] INFO o.s.b.w.e.t.GracefulShutdown - Graceful shutdown complete 
2025-10-06T22:40:18.116 [Thread-357] INFO o.a.c.h.Http11NioProtocol - Stopping ProtocolHandler ["http-nio-8099"] 
2025-10-06T22:40:18.219 [restartedMain] INFO c.u.UtmostApplication - Starting UtmostApplication using Java 17.0.13 with PID 20812 (C:\factory\ws_sts_4281\repo_utmost\utmost\bin\main started by Jun in C:\factory\ws_sts_4281\repo_utmost\utmost) 
2025-10-06T22:40:18.220 [restartedMain] INFO c.u.UtmostApplication - The following 1 profile is active: "external" 
2025-10-06T22:40:18.520 [restartedMain] INFO o.s.b.w.e.t.TomcatWebServer - Tomcat initialized with port 8099 (http) 
2025-10-06T22:40:18.521 [restartedMain] INFO o.a.c.h.Http11NioProtocol - Initializing ProtocolHandler ["http-nio-8099"] 
2025-10-06T22:40:18.521 [restartedMain] INFO o.a.c.c.StandardService - Starting service [Tomcat] 
2025-10-06T22:40:18.521 [restartedMain] INFO o.a.c.c.StandardEngine - Starting Servlet engine: [Apache Tomcat/10.1.46] 
2025-10-06T22:40:18.540 [restartedMain] INFO o.a.c.c.C.[.[.[/] - Initializing Spring embedded WebApplicationContext 
2025-10-06T22:40:18.540 [restartedMain] INFO o.s.b.w.s.c.ServletWebServerApplicationContext - Root WebApplicationContext: initialization completed in 318 ms 
2025-10-06T22:40:18.581 [restartedMain] WARN o.s.b.w.s.c.AnnotationConfigServletWebServerApplicationContext - Exception encountered during context initialization - cancelling refresh attempt: org.springframework.beans.factory.BeanCreationException: Error creating bean with name 'welcomePageHandlerMapping' defined in class path resource [org/springframework/boot/autoconfigure/web/servlet/WebMvcAutoConfiguration$EnableWebMvcConfiguration.class]: Failed to instantiate [org.springframework.boot.autoconfigure.web.servlet.WelcomePageHandlerMapping]: Factory method 'welcomePageHandlerMapping' threw exception with message: Unresolved compilation problem: 
	Syntax error on token "{", { expected after this token
 
2025-10-06T22:40:18.582 [restartedMain] INFO o.a.c.c.StandardService - Stopping service [Tomcat] 
2025-10-06T22:40:18.589 [restartedMain] INFO o.s.b.a.l.ConditionEvaluationReportLogger - 

Error starting ApplicationContext. To display the condition evaluation report re-run your application with 'debug' enabled. 
2025-10-06T22:40:18.594 [restartedMain] ERROR o.s.b.SpringApplication - Application run failed 
org.springframework.beans.factory.BeanCreationException: Error creating bean with name 'welcomePageHandlerMapping' defined in class path resource [org/springframework/boot/autoconfigure/web/servlet/WebMvcAutoConfiguration$EnableWebMvcConfiguration.class]: Failed to instantiate [org.springframework.boot.autoconfigure.web.servlet.WelcomePageHandlerMapping]: Factory method 'welcomePageHandlerMapping' threw exception with message: Unresolved compilation problem: 
	Syntax error on token "{", { expected after this token

	at org.springframework.beans.factory.support.ConstructorResolver.instantiate(ConstructorResolver.java:657)
	at org.springframework.beans.factory.support.ConstructorResolver.instantiateUsingFactoryMethod(ConstructorResolver.java:645)
	at org.springframework.beans.factory.support.AbstractAutowireCapableBeanFactory.instantiateUsingFactoryMethod(AbstractAutowireCapableBeanFactory.java:1375)
	at org.springframework.beans.factory.support.AbstractAutowireCapableBeanFactory.createBeanInstance(AbstractAutowireCapableBeanFactory.java:1205)
	at org.springframework.beans.factory.support.AbstractAutowireCapableBeanFactory.doCreateBean(AbstractAutowireCapableBeanFactory.java:569)
	at org.springframework.beans.factory.support.AbstractAutowireCapableBeanFactory.createBean(AbstractAutowireCapableBeanFactory.java:529)
	at org.springframework.beans.factory.support.AbstractBeanFactory.lambda$doGetBean$0(AbstractBeanFactory.java:339)
	at org.springframework.beans.factory.support.DefaultSingletonBeanRegistry.getSingleton(DefaultSingletonBeanRegistry.java:373)
	at org.springframework.beans.factory.support.AbstractBeanFactory.doGetBean(AbstractBeanFactory.java:337)
	at org.springframework.beans.factory.support.AbstractBeanFactory.getBean(AbstractBeanFactory.java:202)
	at org.springframework.beans.factory.support.DefaultListableBeanFactory.instantiateSingleton(DefaultListableBeanFactory.java:1221)
	at org.springframework.beans.factory.support.DefaultListableBeanFactory.preInstantiateSingleton(DefaultListableBeanFactory.java:1187)
	at org.springframework.beans.factory.support.DefaultListableBeanFactory.preInstantiateSingletons(DefaultListableBeanFactory.java:1123)
	at org.springframework.context.support.AbstractApplicationContext.finishBeanFactoryInitialization(AbstractApplicationContext.java:987)
	at org.springframework.context.support.AbstractApplicationContext.refresh(AbstractApplicationContext.java:627)
	at org.springframework.boot.web.servlet.context.ServletWebServerApplicationContext.refresh(ServletWebServerApplicationContext.java:146)
	at org.springframework.boot.SpringApplication.refresh(SpringApplication.java:752)
	at org.springframework.boot.SpringApplication.refreshContext(SpringApplication.java:439)
	at org.springframework.boot.SpringApplication.run(SpringApplication.java:318)
	at org.springframework.boot.SpringApplication.run(SpringApplication.java:1361)
	at org.springframework.boot.SpringApplication.run(SpringApplication.java:1350)
	at com.utmost.UtmostApplication.main(UtmostApplication.java:10)
	at java.base/jdk.internal.reflect.NativeMethodAccessorImpl.invoke0(Native Method)
	at java.base/jdk.internal.reflect.NativeMethodAccessorImpl.invoke(NativeMethodAccessorImpl.java:77)
	at java.base/jdk.internal.reflect.DelegatingMethodAccessorImpl.invoke(DelegatingMethodAccessorImpl.java:43)
	at java.base/java.lang.reflect.Method.invoke(Method.java:569)
	at org.springframework.boot.devtools.restart.RestartLauncher.run(RestartLauncher.java:50)
Caused by: org.springframework.beans.BeanInstantiationException: Failed to instantiate [org.springframework.boot.autoconfigure.web.servlet.WelcomePageHandlerMapping]: Factory method 'welcomePageHandlerMapping' threw exception with message: Unresolved compilation problem: 
	Syntax error on token "{", { expected after this token

	at org.springframework.beans.factory.support.SimpleInstantiationStrategy.lambda$instantiate$0(SimpleInstantiationStrategy.java:200)
	at org.springframework.beans.factory.support.SimpleInstantiationStrategy.instantiateWithFactoryMethod(SimpleInstantiationStrategy.java:89)
	at org.springframework.beans.factory.support.SimpleInstantiationStrategy.instantiate(SimpleInstantiationStrategy.java:169)
	at org.springframework.beans.factory.support.ConstructorResolver.instantiate(ConstructorResolver.java:653)
	... 26 common frames omitted
Caused by: java.lang.Error: Unresolved compilation problem: 
	Syntax error on token "{", { expected after this token

	at com.utmost.common.interceptor.CheckLoginSessionInterceptor.<init>(CheckLoginSessionInterceptor.java:8)
	at com.utmost.common.config.WebMvcConfigurerImpl.addInterceptors(WebMvcConfigurerImpl.java:14)
	at org.springframework.web.servlet.config.annotation.WebMvcConfigurerComposite.addInterceptors(WebMvcConfigurerComposite.java:89)
	at org.springframework.web.servlet.config.annotation.DelegatingWebMvcConfiguration.addInterceptors(DelegatingWebMvcConfiguration.java:84)
	at org.springframework.web.servlet.config.annotation.WebMvcConfigurationSupport.getInterceptors(WebMvcConfigurationSupport.java:367)
	at org.springframework.boot.autoconfigure.web.servlet.WebMvcAutoConfiguration$EnableWebMvcConfiguration.createWelcomePageHandlerMapping(WebMvcAutoConfiguration.java:445)
	at org.springframework.boot.autoconfigure.web.servlet.WebMvcAutoConfiguration$EnableWebMvcConfiguration.welcomePageHandlerMapping(WebMvcAutoConfiguration.java:425)
	at java.base/jdk.internal.reflect.NativeMethodAccessorImpl.invoke0(Native Method)
	at java.base/jdk.internal.reflect.NativeMethodAccessorImpl.invoke(NativeMethodAccessorImpl.java:77)
	at java.base/jdk.internal.reflect.DelegatingMethodAccessorImpl.invoke(DelegatingMethodAccessorImpl.java:43)
	at java.base/java.lang.reflect.Method.invoke(Method.java:569)
	at org.springframework.beans.factory.support.SimpleInstantiationStrategy.lambda$instantiate$0(SimpleInstantiationStrategy.java:172)
	... 29 common frames omitted
2025-10-06T22:40:39.450 [restartedMain] INFO c.u.UtmostApplication - Starting UtmostApplication using Java 17.0.13 with PID 20812 (C:\factory\ws_sts_4281\repo_utmost\utmost\bin\main started by Jun in C:\factory\ws_sts_4281\repo_utmost\utmost) 
2025-10-06T22:40:39.450 [restartedMain] INFO c.u.UtmostApplication - The following 1 profile is active: "external" 
2025-10-06T22:40:39.774 [restartedMain] INFO o.s.b.w.e.t.TomcatWebServer - Tomcat initialized with port 8099 (http) 
2025-10-06T22:40:39.774 [restartedMain] INFO o.a.c.h.Http11NioProtocol - Initializing ProtocolHandler ["http-nio-8099"] 
2025-10-06T22:40:39.774 [restartedMain] INFO o.a.c.c.StandardService - Starting service [Tomcat] 
2025-10-06T22:40:39.775 [restartedMain] INFO o.a.c.c.StandardEngine - Starting Servlet engine: [Apache Tomcat/10.1.46] 
2025-10-06T22:40:39.806 [restartedMain] INFO o.a.c.c.C.[.[.[/] - Initializing Spring embedded WebApplicationContext 
2025-10-06T22:40:39.806 [restartedMain] INFO o.s.b.w.s.c.ServletWebServerApplicationContext - Root WebApplicationContext: initialization completed in 354 ms 
2025-10-06T22:40:39.858 [restartedMain] WARN o.s.b.w.s.c.AnnotationConfigServletWebServerApplicationContext - Exception encountered during context initialization - cancelling refresh attempt: org.springframework.beans.factory.BeanCreationException: Error creating bean with name 'welcomePageHandlerMapping' defined in class path resource [org/springframework/boot/autoconfigure/web/servlet/WebMvcAutoConfiguration$EnableWebMvcConfiguration.class]: Failed to instantiate [org.springframework.boot.autoconfigure.web.servlet.WelcomePageHandlerMapping]: Factory method 'welcomePageHandlerMapping' threw exception with message: Unresolved compilation problem: 
	CheckLoginSessionInterceptor cannot be resolved to a type
 
2025-10-06T22:40:39.860 [restartedMain] INFO o.a.c.c.StandardService - Stopping service [Tomcat] 
2025-10-06T22:40:39.870 [restartedMain] INFO o.s.b.a.l.ConditionEvaluationReportLogger - 

Error starting ApplicationContext. To display the condition evaluation report re-run your application with 'debug' enabled. 
2025-10-06T22:40:39.874 [restartedMain] ERROR o.s.b.SpringApplication - Application run failed 
org.springframework.beans.factory.BeanCreationException: Error creating bean with name 'welcomePageHandlerMapping' defined in class path resource [org/springframework/boot/autoconfigure/web/servlet/WebMvcAutoConfiguration$EnableWebMvcConfiguration.class]: Failed to instantiate [org.springframework.boot.autoconfigure.web.servlet.WelcomePageHandlerMapping]: Factory method 'welcomePageHandlerMapping' threw exception with message: Unresolved compilation problem: 
	CheckLoginSessionInterceptor cannot be resolved to a type

	at org.springframework.beans.factory.support.ConstructorResolver.instantiate(ConstructorResolver.java:657)
	at org.springframework.beans.factory.support.ConstructorResolver.instantiateUsingFactoryMethod(ConstructorResolver.java:645)
	at org.springframework.beans.factory.support.AbstractAutowireCapableBeanFactory.instantiateUsingFactoryMethod(AbstractAutowireCapableBeanFactory.java:1375)
	at org.springframework.beans.factory.support.AbstractAutowireCapableBeanFactory.createBeanInstance(AbstractAutowireCapableBeanFactory.java:1205)
	at org.springframework.beans.factory.support.AbstractAutowireCapableBeanFactory.doCreateBean(AbstractAutowireCapableBeanFactory.java:569)
	at org.springframework.beans.factory.support.AbstractAutowireCapableBeanFactory.createBean(AbstractAutowireCapableBeanFactory.java:529)
	at org.springframework.beans.factory.support.AbstractBeanFactory.lambda$doGetBean$0(AbstractBeanFactory.java:339)
	at org.springframework.beans.factory.support.DefaultSingletonBeanRegistry.getSingleton(DefaultSingletonBeanRegistry.java:373)
	at org.springframework.beans.factory.support.AbstractBeanFactory.doGetBean(AbstractBeanFactory.java:337)
	at org.springframework.beans.factory.support.AbstractBeanFactory.getBean(AbstractBeanFactory.java:202)
	at org.springframework.beans.factory.support.DefaultListableBeanFactory.instantiateSingleton(DefaultListableBeanFactory.java:1221)
	at org.springframework.beans.factory.support.DefaultListableBeanFactory.preInstantiateSingleton(DefaultListableBeanFactory.java:1187)
	at org.springframework.beans.factory.support.DefaultListableBeanFactory.preInstantiateSingletons(DefaultListableBeanFactory.java:1123)
	at org.springframework.context.support.AbstractApplicationContext.finishBeanFactoryInitialization(AbstractApplicationContext.java:987)
	at org.springframework.context.support.AbstractApplicationContext.refresh(AbstractApplicationContext.java:627)
	at org.springframework.boot.web.servlet.context.ServletWebServerApplicationContext.refresh(ServletWebServerApplicationContext.java:146)
	at org.springframework.boot.SpringApplication.refresh(SpringApplication.java:752)
	at org.springframework.boot.SpringApplication.refreshContext(SpringApplication.java:439)
	at org.springframework.boot.SpringApplication.run(SpringApplication.java:318)
	at org.springframework.boot.SpringApplication.run(SpringApplication.java:1361)
	at org.springframework.boot.SpringApplication.run(SpringApplication.java:1350)
	at com.utmost.UtmostApplication.main(UtmostApplication.java:10)
	at java.base/jdk.internal.reflect.NativeMethodAccessorImpl.invoke0(Native Method)
	at java.base/jdk.internal.reflect.NativeMethodAccessorImpl.invoke(NativeMethodAccessorImpl.java:77)
	at java.base/jdk.internal.reflect.DelegatingMethodAccessorImpl.invoke(DelegatingMethodAccessorImpl.java:43)
	at java.base/java.lang.reflect.Method.invoke(Method.java:569)
	at org.springframework.boot.devtools.restart.RestartLauncher.run(RestartLauncher.java:50)
Caused by: org.springframework.beans.BeanInstantiationException: Failed to instantiate [org.springframework.boot.autoconfigure.web.servlet.WelcomePageHandlerMapping]: Factory method 'welcomePageHandlerMapping' threw exception with message: Unresolved compilation problem: 
	CheckLoginSessionInterceptor cannot be resolved to a type

	at org.springframework.beans.factory.support.SimpleInstantiationStrategy.lambda$instantiate$0(SimpleInstantiationStrategy.java:200)
	at org.springframework.beans.factory.support.SimpleInstantiationStrategy.instantiateWithFactoryMethod(SimpleInstantiationStrategy.java:89)
	at org.springframework.beans.factory.support.SimpleInstantiationStrategy.instantiate(SimpleInstantiationStrategy.java:169)
	at org.springframework.beans.factory.support.ConstructorResolver.instantiate(ConstructorResolver.java:653)
	... 26 common frames omitted
Caused by: java.lang.Error: Unresolved compilation problem: 
	CheckLoginSessionInterceptor cannot be resolved to a type

	at com.utmost.common.config.WebMvcConfigurerImpl.addInterceptors(WebMvcConfigurerImpl.java:14)
	at org.springframework.web.servlet.config.annotation.WebMvcConfigurerComposite.addInterceptors(WebMvcConfigurerComposite.java:89)
	at org.springframework.web.servlet.config.annotation.DelegatingWebMvcConfiguration.addInterceptors(DelegatingWebMvcConfiguration.java:84)
	at org.springframework.web.servlet.config.annotation.WebMvcConfigurationSupport.getInterceptors(WebMvcConfigurationSupport.java:367)
	at org.springframework.boot.autoconfigure.web.servlet.WebMvcAutoConfiguration$EnableWebMvcConfiguration.createWelcomePageHandlerMapping(WebMvcAutoConfiguration.java:445)
	at org.springframework.boot.autoconfigure.web.servlet.WebMvcAutoConfiguration$EnableWebMvcConfiguration.welcomePageHandlerMapping(WebMvcAutoConfiguration.java:425)
	at java.base/jdk.internal.reflect.NativeMethodAccessorImpl.invoke0(Native Method)
	at java.base/jdk.internal.reflect.NativeMethodAccessorImpl.invoke(NativeMethodAccessorImpl.java:77)
	at java.base/jdk.internal.reflect.DelegatingMethodAccessorImpl.invoke(DelegatingMethodAccessorImpl.java:43)
	at java.base/java.lang.reflect.Method.invoke(Method.java:569)
	at org.springframework.beans.factory.support.SimpleInstantiationStrategy.lambda$instantiate$0(SimpleInstantiationStrategy.java:172)
	... 29 common frames omitted
2025-10-06T22:40:43.567 [restartedMain] INFO c.u.UtmostApplication - Starting UtmostApplication using Java 17.0.13 with PID 20812 (C:\factory\ws_sts_4281\repo_utmost\utmost\bin\main started by Jun in C:\factory\ws_sts_4281\repo_utmost\utmost) 
2025-10-06T22:40:43.567 [restartedMain] INFO c.u.UtmostApplication - The following 1 profile is active: "external" 
2025-10-06T22:40:43.988 [restartedMain] INFO o.s.b.w.e.t.TomcatWebServer - Tomcat initialized with port 8099 (http) 
2025-10-06T22:40:43.988 [restartedMain] INFO o.a.c.h.Http11NioProtocol - Initializing ProtocolHandler ["http-nio-8099"] 
2025-10-06T22:40:43.989 [restartedMain] INFO o.a.c.c.StandardService - Starting service [Tomcat] 
2025-10-06T22:40:43.989 [restartedMain] INFO o.a.c.c.StandardEngine - Starting Servlet engine: [Apache Tomcat/10.1.46] 
2025-10-06T22:40:44.021 [restartedMain] INFO o.a.c.c.C.[.[.[/] - Initializing Spring embedded WebApplicationContext 
2025-10-06T22:40:44.021 [restartedMain] INFO o.s.b.w.s.c.ServletWebServerApplicationContext - Root WebApplicationContext: initialization completed in 452 ms 
2025-10-06T22:40:44.141 [restartedMain] INFO o.s.b.d.a.OptionalLiveReloadServer - LiveReload server is running on port 35729 
2025-10-06T22:40:44.150 [restartedMain] INFO o.a.c.h.Http11NioProtocol - Starting ProtocolHandler ["http-nio-8099"] 
2025-10-06T22:40:44.169 [restartedMain] INFO o.s.b.w.e.t.TomcatWebServer - Tomcat started on port 8099 (http) with context path '/' 
2025-10-06T22:40:44.175 [restartedMain] INFO c.u.UtmostApplication - Started UtmostApplication in 0.633 seconds (process running for 27443.497) 
2025-10-06T22:40:44.177 [restartedMain] INFO o.s.b.d.a.ConditionEvaluationDeltaLoggingListener - Condition evaluation unchanged 
2025-10-06T22:40:46.329 [http-nio-8099-exec-1] INFO o.a.c.c.C.[.[.[/] - Initializing Spring DispatcherServlet 'dispatcherServlet' 
2025-10-06T22:40:46.329 [http-nio-8099-exec-1] INFO o.s.w.s.DispatcherServlet - Initializing Servlet 'dispatcherServlet' 
2025-10-06T22:40:46.329 [http-nio-8099-exec-1] INFO o.s.w.s.DispatcherServlet - Completed initialization in 0 ms 
2025-10-06T22:41:13.560 [http-nio-8099-exec-6] INFO c.z.h.HikariDataSource - HikariPool-7 - Starting... 
2025-10-06T22:41:13.572 [http-nio-8099-exec-6] INFO c.z.h.p.HikariPool - HikariPool-7 - Added connection com.mysql.cj.jdbc.ConnectionImpl@791da335 
2025-10-06T22:41:13.572 [http-nio-8099-exec-6] INFO c.z.h.HikariDataSource - HikariPool-7 - Start completed. 
