2025-10-05T22:20:18.598 [restartedMain] INFO c.u.UtmostApplication - Starting UtmostApplication using Java 17.0.13 with PID 15468 (C:\factory\ws_sts_4281\repo_utmost\utmost\bin\main started by Jun in C:\factory\ws_sts_4281\repo_utmost\utmost) 
2025-10-05T22:20:18.598 [restartedMain] INFO c.u.UtmostApplication - The following 1 profile is active: "external" 
2025-10-05T22:20:18.786 [restartedMain] INFO o.s.b.w.e.t.TomcatWebServer - Tomcat initialized with port 8080 (http) 
2025-10-05T22:20:18.787 [restartedMain] INFO o.a.c.c.StandardService - Starting service [Tomcat] 
2025-10-05T22:20:18.787 [restartedMain] INFO o.a.c.c.StandardEngine - Starting Servlet engine: [Apache Tomcat/10.1.46] 
2025-10-05T22:20:18.804 [restartedMain] INFO o.a.c.c.C.[.[.[/] - Initializing Spring embedded WebApplicationContext 
2025-10-05T22:20:18.804 [restartedMain] INFO o.s.b.w.s.c.ServletWebServerApplicationContext - Root WebApplicationContext: initialization completed in 204 ms 
2025-10-05T22:20:18.877 [restartedMain] INFO o.s.b.d.a.OptionalLiveReloadServer - LiveReload server is running on port 35729 
2025-10-05T22:20:18.889 [restartedMain] INFO o.s.b.w.e.t.TomcatWebServer - Tomcat started on port 8080 (http) with context path '/' 
2025-10-05T22:20:18.893 [restartedMain] INFO c.u.UtmostApplication - Started UtmostApplication in 0.396 seconds (process running for 2708.552) 
2025-10-05T22:20:18.894 [restartedMain] INFO o.s.b.d.a.ConditionEvaluationDeltaLoggingListener - Condition evaluation unchanged 
2025-10-05T22:21:10.993 [RMI TCP Connection(67)-127.0.0.1] INFO o.s.b.a.SpringApplicationAdminMXBeanRegistrar$SpringApplicationAdmin - Application shutdown requested. 
2025-10-05T22:21:10.993 [RMI TCP Connection(67)-127.0.0.1] INFO o.s.b.w.e.t.GracefulShutdown - Commencing graceful shutdown. Waiting for active requests to complete 
2025-10-05T22:21:11.060 [tomcat-shutdown] INFO o.s.b.w.e.t.GracefulShutdown - Graceful shutdown complete 
2025-10-05T22:21:13.551 [restartedMain] INFO c.u.UtmostApplication - Starting UtmostApplication using Java 17.0.13 with PID 4020 (C:\factory\ws_sts_4281\repo_utmost\utmost\bin\main started by Jun in C:\factory\ws_sts_4281\repo_utmost\utmost) 
2025-10-05T22:21:13.552 [restartedMain] INFO c.u.UtmostApplication - The following 1 profile is active: "external" 
2025-10-05T22:21:13.589 [restartedMain] INFO o.s.b.d.e.DevToolsPropertyDefaultsPostProcessor - Devtools property defaults active! Set 'spring.devtools.add-properties' to 'false' to disable 
2025-10-05T22:21:13.589 [restartedMain] INFO o.s.b.d.e.DevToolsPropertyDefaultsPostProcessor - For additional web related logging consider setting the 'logging.level.web' property to 'DEBUG' 
2025-10-05T22:21:14.494 [restartedMain] INFO o.s.b.w.e.t.TomcatWebServer - Tomcat initialized with port 8099 (http) 
2025-10-05T22:21:14.506 [restartedMain] INFO o.a.c.h.Http11NioProtocol - Initializing ProtocolHandler ["http-nio-8099"] 
2025-10-05T22:21:14.508 [restartedMain] INFO o.a.c.c.StandardService - Starting service [Tomcat] 
2025-10-05T22:21:14.508 [restartedMain] INFO o.a.c.c.StandardEngine - Starting Servlet engine: [Apache Tomcat/10.1.46] 
2025-10-05T22:21:14.554 [restartedMain] INFO o.a.c.c.C.[.[.[/] - Initializing Spring embedded WebApplicationContext 
2025-10-05T22:21:14.554 [restartedMain] INFO o.s.b.w.s.c.ServletWebServerApplicationContext - Root WebApplicationContext: initialization completed in 965 ms 
2025-10-05T22:21:15.019 [restartedMain] INFO o.s.b.d.a.OptionalLiveReloadServer - LiveReload server is running on port 35729 
2025-10-05T22:21:15.035 [restartedMain] INFO o.a.c.h.Http11NioProtocol - Starting ProtocolHandler ["http-nio-8099"] 
2025-10-05T22:21:15.053 [restartedMain] INFO o.s.b.w.e.t.TomcatWebServer - Tomcat started on port 8099 (http) with context path '/' 
2025-10-05T22:21:15.061 [restartedMain] INFO c.u.UtmostApplication - Started UtmostApplication in 1.843 seconds (process running for 2.657) 
2025-10-05T22:23:50.159 [File Watcher] INFO o.s.b.d.a.LocalDevToolsAutoConfiguration$RestartingClassPathChangeChangedEventListener - Restarting due to 8 class path changes (0 additions, 0 deletions, 8 modifications) 
2025-10-05T22:23:50.162 [Thread-5] INFO o.s.b.w.e.t.GracefulShutdown - Commencing graceful shutdown. Waiting for active requests to complete 
2025-10-05T22:23:50.163 [tomcat-shutdown] INFO o.a.c.h.Http11NioProtocol - Pausing ProtocolHandler ["http-nio-8099"] 
2025-10-05T22:23:50.235 [tomcat-shutdown] INFO o.s.b.w.e.t.GracefulShutdown - Graceful shutdown complete 
2025-10-05T22:23:50.235 [Thread-5] INFO o.a.c.h.Http11NioProtocol - Stopping ProtocolHandler ["http-nio-8099"] 
2025-10-05T22:23:50.305 [restartedMain] INFO c.u.UtmostApplication - Starting UtmostApplication using Java 17.0.13 with PID 4020 (C:\factory\ws_sts_4281\repo_utmost\utmost\bin\main started by Jun in C:\factory\ws_sts_4281\repo_utmost\utmost) 
2025-10-05T22:23:50.306 [restartedMain] INFO c.u.UtmostApplication - The following 1 profile is active: "external" 
2025-10-05T22:23:50.553 [restartedMain] INFO o.s.b.w.e.t.TomcatWebServer - Tomcat initialized with port 8099 (http) 
2025-10-05T22:23:50.553 [restartedMain] INFO o.a.c.h.Http11NioProtocol - Initializing ProtocolHandler ["http-nio-8099"] 
2025-10-05T22:23:50.554 [restartedMain] INFO o.a.c.c.StandardService - Starting service [Tomcat] 
2025-10-05T22:23:50.554 [restartedMain] INFO o.a.c.c.StandardEngine - Starting Servlet engine: [Apache Tomcat/10.1.46] 
2025-10-05T22:23:50.572 [restartedMain] INFO o.a.c.c.C.[.[.[/] - Initializing Spring embedded WebApplicationContext 
2025-10-05T22:23:50.573 [restartedMain] INFO o.s.b.w.s.c.ServletWebServerApplicationContext - Root WebApplicationContext: initialization completed in 265 ms 
2025-10-05T22:23:50.691 [restartedMain] INFO o.s.b.d.a.OptionalLiveReloadServer - LiveReload server is running on port 35729 
2025-10-05T22:23:50.699 [restartedMain] INFO o.a.c.h.Http11NioProtocol - Starting ProtocolHandler ["http-nio-8099"] 
2025-10-05T22:23:50.702 [restartedMain] INFO o.s.b.w.e.t.TomcatWebServer - Tomcat started on port 8099 (http) with context path '/' 
2025-10-05T22:23:50.707 [restartedMain] INFO c.u.UtmostApplication - Started UtmostApplication in 0.439 seconds (process running for 158.303) 
2025-10-05T22:23:50.709 [restartedMain] INFO o.s.b.d.a.ConditionEvaluationDeltaLoggingListener - Condition evaluation unchanged 
2025-10-05T22:29:00.607 [File Watcher] INFO o.s.b.d.a.LocalDevToolsAutoConfiguration$RestartingClassPathChangeChangedEventListener - Restarting due to 66 class path changes (58 additions, 0 deletions, 8 modifications) 
2025-10-05T22:29:00.608 [Thread-7] INFO o.s.b.w.e.t.GracefulShutdown - Commencing graceful shutdown. Waiting for active requests to complete 
2025-10-05T22:29:00.609 [tomcat-shutdown] INFO o.a.c.h.Http11NioProtocol - Pausing ProtocolHandler ["http-nio-8099"] 
2025-10-05T22:29:00.680 [tomcat-shutdown] INFO o.s.b.w.e.t.GracefulShutdown - Graceful shutdown complete 
2025-10-05T22:29:00.680 [Thread-7] INFO o.a.c.h.Http11NioProtocol - Stopping ProtocolHandler ["http-nio-8099"] 
2025-10-05T22:29:00.749 [restartedMain] INFO c.u.UtmostApplication - Starting UtmostApplication using Java 17.0.13 with PID 4020 (C:\factory\ws_sts_4281\repo_utmost\utmost\bin\main started by Jun in C:\factory\ws_sts_4281\repo_utmost\utmost) 
2025-10-05T22:29:00.749 [restartedMain] INFO c.u.UtmostApplication - The following 1 profile is active: "external" 
2025-10-05T22:29:00.976 [restartedMain] INFO o.s.b.w.e.t.TomcatWebServer - Tomcat initialized with port 8099 (http) 
2025-10-05T22:29:00.977 [restartedMain] INFO o.a.c.h.Http11NioProtocol - Initializing ProtocolHandler ["http-nio-8099"] 
2025-10-05T22:29:00.977 [restartedMain] INFO o.a.c.c.StandardService - Starting service [Tomcat] 
2025-10-05T22:29:00.977 [restartedMain] INFO o.a.c.c.StandardEngine - Starting Servlet engine: [Apache Tomcat/10.1.46] 
2025-10-05T22:29:00.995 [restartedMain] INFO o.a.c.c.C.[.[.[/] - Initializing Spring embedded WebApplicationContext 
2025-10-05T22:29:00.995 [restartedMain] INFO o.s.b.w.s.c.ServletWebServerApplicationContext - Root WebApplicationContext: initialization completed in 244 ms 
2025-10-05T22:29:01.104 [restartedMain] INFO o.s.b.d.a.OptionalLiveReloadServer - LiveReload server is running on port 35729 
2025-10-05T22:29:01.112 [restartedMain] INFO o.a.c.h.Http11NioProtocol - Starting ProtocolHandler ["http-nio-8099"] 
2025-10-05T22:29:01.114 [restartedMain] INFO o.s.b.w.e.t.TomcatWebServer - Tomcat started on port 8099 (http) with context path '/' 
2025-10-05T22:29:01.119 [restartedMain] INFO c.u.UtmostApplication - Started UtmostApplication in 0.405 seconds (process running for 468.715) 
2025-10-05T22:29:01.121 [restartedMain] INFO o.s.b.d.a.ConditionEvaluationDeltaLoggingListener - Condition evaluation unchanged 
2025-10-05T22:29:51.246 [File Watcher] INFO o.s.b.d.a.LocalDevToolsAutoConfiguration$RestartingClassPathChangeChangedEventListener - Restarting due to 8 class path changes (0 additions, 0 deletions, 8 modifications) 
2025-10-05T22:29:51.247 [Thread-11] INFO o.s.b.w.e.t.GracefulShutdown - Commencing graceful shutdown. Waiting for active requests to complete 
2025-10-05T22:29:51.247 [tomcat-shutdown] INFO o.a.c.h.Http11NioProtocol - Pausing ProtocolHandler ["http-nio-8099"] 
2025-10-05T22:29:51.317 [tomcat-shutdown] INFO o.s.b.w.e.t.GracefulShutdown - Graceful shutdown complete 
2025-10-05T22:29:51.317 [Thread-11] INFO o.a.c.h.Http11NioProtocol - Stopping ProtocolHandler ["http-nio-8099"] 
2025-10-05T22:29:51.377 [restartedMain] INFO c.u.UtmostApplication - Starting UtmostApplication using Java 17.0.13 with PID 4020 (C:\factory\ws_sts_4281\repo_utmost\utmost\bin\main started by Jun in C:\factory\ws_sts_4281\repo_utmost\utmost) 
2025-10-05T22:29:51.377 [restartedMain] INFO c.u.UtmostApplication - The following 1 profile is active: "external" 
2025-10-05T22:29:51.595 [restartedMain] INFO o.s.b.w.e.t.TomcatWebServer - Tomcat initialized with port 8099 (http) 
2025-10-05T22:29:51.596 [restartedMain] INFO o.a.c.h.Http11NioProtocol - Initializing ProtocolHandler ["http-nio-8099"] 
2025-10-05T22:29:51.596 [restartedMain] INFO o.a.c.c.StandardService - Starting service [Tomcat] 
2025-10-05T22:29:51.596 [restartedMain] INFO o.a.c.c.StandardEngine - Starting Servlet engine: [Apache Tomcat/10.1.46] 
2025-10-05T22:29:51.615 [restartedMain] INFO o.a.c.c.C.[.[.[/] - Initializing Spring embedded WebApplicationContext 
2025-10-05T22:29:51.615 [restartedMain] INFO o.s.b.w.s.c.ServletWebServerApplicationContext - Root WebApplicationContext: initialization completed in 235 ms 
2025-10-05T22:29:51.720 [restartedMain] INFO o.s.b.d.a.OptionalLiveReloadServer - LiveReload server is running on port 35729 
2025-10-05T22:29:51.728 [restartedMain] INFO o.a.c.h.Http11NioProtocol - Starting ProtocolHandler ["http-nio-8099"] 
2025-10-05T22:29:51.733 [restartedMain] INFO o.s.b.w.e.t.TomcatWebServer - Tomcat started on port 8099 (http) with context path '/' 
2025-10-05T22:29:51.737 [restartedMain] INFO c.u.UtmostApplication - Started UtmostApplication in 0.391 seconds (process running for 519.333) 
2025-10-05T22:29:51.738 [restartedMain] INFO o.s.b.d.a.ConditionEvaluationDeltaLoggingListener - Condition evaluation unchanged 
2025-10-05T22:30:42.775 [File Watcher] INFO o.s.b.d.a.LocalDevToolsAutoConfiguration$RestartingClassPathChangeChangedEventListener - Restarting due to 9 class path changes (1 addition, 0 deletions, 8 modifications) 
2025-10-05T22:30:42.776 [Thread-15] INFO o.s.b.w.e.t.GracefulShutdown - Commencing graceful shutdown. Waiting for active requests to complete 
2025-10-05T22:30:42.777 [tomcat-shutdown] INFO o.a.c.h.Http11NioProtocol - Pausing ProtocolHandler ["http-nio-8099"] 
2025-10-05T22:30:42.845 [tomcat-shutdown] INFO o.s.b.w.e.t.GracefulShutdown - Graceful shutdown complete 
2025-10-05T22:30:42.845 [Thread-15] INFO o.a.c.h.Http11NioProtocol - Stopping ProtocolHandler ["http-nio-8099"] 
2025-10-05T22:30:42.902 [restartedMain] INFO c.u.UtmostApplication - Starting UtmostApplication using Java 17.0.13 with PID 4020 (C:\factory\ws_sts_4281\repo_utmost\utmost\bin\main started by Jun in C:\factory\ws_sts_4281\repo_utmost\utmost) 
2025-10-05T22:30:42.902 [restartedMain] INFO c.u.UtmostApplication - The following 1 profile is active: "external" 
2025-10-05T22:30:43.099 [restartedMain] INFO o.s.b.w.e.t.TomcatWebServer - Tomcat initialized with port 8099 (http) 
2025-10-05T22:30:43.099 [restartedMain] INFO o.a.c.h.Http11NioProtocol - Initializing ProtocolHandler ["http-nio-8099"] 
2025-10-05T22:30:43.099 [restartedMain] INFO o.a.c.c.StandardService - Starting service [Tomcat] 
2025-10-05T22:30:43.100 [restartedMain] INFO o.a.c.c.StandardEngine - Starting Servlet engine: [Apache Tomcat/10.1.46] 
2025-10-05T22:30:43.117 [restartedMain] INFO o.a.c.c.C.[.[.[/] - Initializing Spring embedded WebApplicationContext 
2025-10-05T22:30:43.117 [restartedMain] INFO o.s.b.w.s.c.ServletWebServerApplicationContext - Root WebApplicationContext: initialization completed in 213 ms 
2025-10-05T22:30:43.198 [restartedMain] INFO o.s.b.d.a.OptionalLiveReloadServer - LiveReload server is running on port 35729 
2025-10-05T22:30:43.204 [restartedMain] INFO o.a.c.h.Http11NioProtocol - Starting ProtocolHandler ["http-nio-8099"] 
2025-10-05T22:30:43.208 [restartedMain] INFO o.s.b.w.e.t.TomcatWebServer - Tomcat started on port 8099 (http) with context path '/' 
2025-10-05T22:30:43.216 [restartedMain] INFO c.u.UtmostApplication - Started UtmostApplication in 0.343 seconds (process running for 570.812) 
2025-10-05T22:30:43.218 [restartedMain] INFO o.s.b.d.a.ConditionEvaluationDeltaLoggingListener - Condition evaluation unchanged 
2025-10-05T22:32:33.890 [File Watcher] INFO o.s.b.d.a.LocalDevToolsAutoConfiguration$RestartingClassPathChangeChangedEventListener - Restarting due to 1 class path change (0 additions, 0 deletions, 1 modification) 
2025-10-05T22:32:33.891 [Thread-19] INFO o.s.b.w.e.t.GracefulShutdown - Commencing graceful shutdown. Waiting for active requests to complete 
2025-10-05T22:32:33.892 [tomcat-shutdown] INFO o.a.c.h.Http11NioProtocol - Pausing ProtocolHandler ["http-nio-8099"] 
2025-10-05T22:32:33.963 [tomcat-shutdown] INFO o.s.b.w.e.t.GracefulShutdown - Graceful shutdown complete 
2025-10-05T22:32:33.964 [Thread-19] INFO o.a.c.h.Http11NioProtocol - Stopping ProtocolHandler ["http-nio-8099"] 
2025-10-05T22:32:34.026 [restartedMain] INFO c.u.UtmostApplication - Starting UtmostApplication using Java 17.0.13 with PID 4020 (C:\factory\ws_sts_4281\repo_utmost\utmost\bin\main started by Jun in C:\factory\ws_sts_4281\repo_utmost\utmost) 
2025-10-05T22:32:34.026 [restartedMain] INFO c.u.UtmostApplication - The following 1 profile is active: "external" 
2025-10-05T22:32:34.244 [restartedMain] INFO o.s.b.w.e.t.TomcatWebServer - Tomcat initialized with port 8099 (http) 
2025-10-05T22:32:34.245 [restartedMain] INFO o.a.c.h.Http11NioProtocol - Initializing ProtocolHandler ["http-nio-8099"] 
2025-10-05T22:32:34.245 [restartedMain] INFO o.a.c.c.StandardService - Starting service [Tomcat] 
2025-10-05T22:32:34.245 [restartedMain] INFO o.a.c.c.StandardEngine - Starting Servlet engine: [Apache Tomcat/10.1.46] 
2025-10-05T22:32:34.263 [restartedMain] INFO o.a.c.c.C.[.[.[/] - Initializing Spring embedded WebApplicationContext 
2025-10-05T22:32:34.263 [restartedMain] INFO o.s.b.w.s.c.ServletWebServerApplicationContext - Root WebApplicationContext: initialization completed in 234 ms 
2025-10-05T22:32:34.363 [restartedMain] INFO o.s.b.d.a.OptionalLiveReloadServer - LiveReload server is running on port 35729 
2025-10-05T22:32:34.373 [restartedMain] INFO o.a.c.h.Http11NioProtocol - Starting ProtocolHandler ["http-nio-8099"] 
2025-10-05T22:32:34.379 [restartedMain] INFO o.s.b.w.e.t.TomcatWebServer - Tomcat started on port 8099 (http) with context path '/' 
2025-10-05T22:32:34.386 [restartedMain] INFO c.u.UtmostApplication - Started UtmostApplication in 0.39 seconds (process running for 681.982) 
2025-10-05T22:32:34.388 [restartedMain] INFO o.s.b.d.a.ConditionEvaluationDeltaLoggingListener - Condition evaluation unchanged 
2025-10-05T22:32:43.520 [http-nio-8099-exec-1] INFO o.a.c.c.C.[.[.[/] - Initializing Spring DispatcherServlet 'dispatcherServlet' 
2025-10-05T22:32:43.520 [http-nio-8099-exec-1] INFO o.s.w.s.DispatcherServlet - Initializing Servlet 'dispatcherServlet' 
2025-10-05T22:32:43.522 [http-nio-8099-exec-1] INFO o.s.w.s.DispatcherServlet - Completed initialization in 1 ms 
2025-10-05T22:45:56.131 [File Watcher] INFO o.s.b.d.a.LocalDevToolsAutoConfiguration$RestartingClassPathChangeChangedEventListener - Restarting due to 10 class path changes (1 addition, 1 deletion, 8 modifications) 
2025-10-05T22:45:56.132 [Thread-23] INFO o.s.b.w.e.t.GracefulShutdown - Commencing graceful shutdown. Waiting for active requests to complete 
2025-10-05T22:45:56.133 [tomcat-shutdown] INFO o.a.c.h.Http11NioProtocol - Pausing ProtocolHandler ["http-nio-8099"] 
2025-10-05T22:45:56.205 [tomcat-shutdown] INFO o.s.b.w.e.t.GracefulShutdown - Graceful shutdown complete 
2025-10-05T22:45:56.205 [Thread-23] INFO o.a.c.h.Http11NioProtocol - Stopping ProtocolHandler ["http-nio-8099"] 
2025-10-05T22:45:56.269 [restartedMain] INFO c.u.UtmostApplication - Starting UtmostApplication using Java 17.0.13 with PID 4020 (C:\factory\ws_sts_4281\repo_utmost\utmost\bin\main started by Jun in C:\factory\ws_sts_4281\repo_utmost\utmost) 
2025-10-05T22:45:56.269 [restartedMain] INFO c.u.UtmostApplication - The following 1 profile is active: "external" 
2025-10-05T22:45:56.502 [restartedMain] INFO o.s.b.w.e.t.TomcatWebServer - Tomcat initialized with port 8099 (http) 
2025-10-05T22:45:56.503 [restartedMain] INFO o.a.c.h.Http11NioProtocol - Initializing ProtocolHandler ["http-nio-8099"] 
2025-10-05T22:45:56.503 [restartedMain] INFO o.a.c.c.StandardService - Starting service [Tomcat] 
2025-10-05T22:45:56.504 [restartedMain] INFO o.a.c.c.StandardEngine - Starting Servlet engine: [Apache Tomcat/10.1.46] 
2025-10-05T22:45:56.523 [restartedMain] INFO o.a.c.c.C.[.[.[/] - Initializing Spring embedded WebApplicationContext 
2025-10-05T22:45:56.524 [restartedMain] INFO o.s.b.w.s.c.ServletWebServerApplicationContext - Root WebApplicationContext: initialization completed in 253 ms 
2025-10-05T22:45:56.653 [restartedMain] INFO o.s.b.d.a.OptionalLiveReloadServer - LiveReload server is running on port 35729 
2025-10-05T22:45:56.664 [restartedMain] INFO o.a.c.h.Http11NioProtocol - Starting ProtocolHandler ["http-nio-8099"] 
2025-10-05T22:45:56.667 [restartedMain] INFO o.s.b.w.e.t.TomcatWebServer - Tomcat started on port 8099 (http) with context path '/' 
2025-10-05T22:45:56.671 [restartedMain] INFO c.u.UtmostApplication - Started UtmostApplication in 0.432 seconds (process running for 1484.267) 
2025-10-05T22:45:56.672 [restartedMain] INFO o.s.b.d.a.ConditionEvaluationDeltaLoggingListener - Condition evaluation unchanged 
2025-10-05T22:51:46.107 [File Watcher] INFO o.s.b.d.a.LocalDevToolsAutoConfiguration$RestartingClassPathChangeChangedEventListener - Restarting due to 1 class path change (0 additions, 0 deletions, 1 modification) 
2025-10-05T22:51:46.108 [Thread-27] INFO o.s.b.w.e.t.GracefulShutdown - Commencing graceful shutdown. Waiting for active requests to complete 
2025-10-05T22:51:46.108 [tomcat-shutdown] INFO o.a.c.h.Http11NioProtocol - Pausing ProtocolHandler ["http-nio-8099"] 
2025-10-05T22:51:46.177 [tomcat-shutdown] INFO o.s.b.w.e.t.GracefulShutdown - Graceful shutdown complete 
2025-10-05T22:51:46.177 [Thread-27] INFO o.a.c.h.Http11NioProtocol - Stopping ProtocolHandler ["http-nio-8099"] 
2025-10-05T22:51:46.246 [restartedMain] INFO c.u.UtmostApplication - Starting UtmostApplication using Java 17.0.13 with PID 4020 (C:\factory\ws_sts_4281\repo_utmost\utmost\bin\main started by Jun in C:\factory\ws_sts_4281\repo_utmost\utmost) 
2025-10-05T22:51:46.246 [restartedMain] INFO c.u.UtmostApplication - The following 1 profile is active: "external" 
2025-10-05T22:51:46.485 [restartedMain] INFO o.s.b.w.e.t.TomcatWebServer - Tomcat initialized with port 8099 (http) 
2025-10-05T22:51:46.485 [restartedMain] INFO o.a.c.h.Http11NioProtocol - Initializing ProtocolHandler ["http-nio-8099"] 
2025-10-05T22:51:46.486 [restartedMain] INFO o.a.c.c.StandardService - Starting service [Tomcat] 
2025-10-05T22:51:46.486 [restartedMain] INFO o.a.c.c.StandardEngine - Starting Servlet engine: [Apache Tomcat/10.1.46] 
2025-10-05T22:51:46.502 [restartedMain] INFO o.a.c.c.C.[.[.[/] - Initializing Spring embedded WebApplicationContext 
2025-10-05T22:51:46.503 [restartedMain] INFO o.s.b.w.s.c.ServletWebServerApplicationContext - Root WebApplicationContext: initialization completed in 255 ms 
2025-10-05T22:51:46.613 [restartedMain] INFO o.s.b.d.a.OptionalLiveReloadServer - LiveReload server is running on port 35729 
2025-10-05T22:51:46.621 [restartedMain] INFO o.a.c.h.Http11NioProtocol - Starting ProtocolHandler ["http-nio-8099"] 
2025-10-05T22:51:46.625 [restartedMain] INFO o.s.b.w.e.t.TomcatWebServer - Tomcat started on port 8099 (http) with context path '/' 
2025-10-05T22:51:46.631 [restartedMain] INFO c.u.UtmostApplication - Started UtmostApplication in 0.42 seconds (process running for 1834.226) 
2025-10-05T22:51:46.632 [restartedMain] INFO o.s.b.d.a.ConditionEvaluationDeltaLoggingListener - Condition evaluation unchanged 
2025-10-05T22:51:50.130 [http-nio-8099-exec-1] INFO o.a.c.c.C.[.[.[/] - Initializing Spring DispatcherServlet 'dispatcherServlet' 
2025-10-05T22:51:50.130 [http-nio-8099-exec-1] INFO o.s.w.s.DispatcherServlet - Initializing Servlet 'dispatcherServlet' 
2025-10-05T22:51:50.130 [http-nio-8099-exec-1] INFO o.s.w.s.DispatcherServlet - Completed initialization in 0 ms 
2025-10-05T22:57:37.161 [File Watcher] INFO o.s.b.d.a.LocalDevToolsAutoConfiguration$RestartingClassPathChangeChangedEventListener - Restarting due to 1 class path change (0 additions, 0 deletions, 1 modification) 
2025-10-05T22:57:37.162 [Thread-31] INFO o.s.b.w.e.t.GracefulShutdown - Commencing graceful shutdown. Waiting for active requests to complete 
2025-10-05T22:57:37.162 [tomcat-shutdown] INFO o.a.c.h.Http11NioProtocol - Pausing ProtocolHandler ["http-nio-8099"] 
2025-10-05T22:57:37.243 [tomcat-shutdown] INFO o.s.b.w.e.t.GracefulShutdown - Graceful shutdown complete 
2025-10-05T22:57:37.244 [Thread-31] INFO o.a.c.h.Http11NioProtocol - Stopping ProtocolHandler ["http-nio-8099"] 
2025-10-05T22:57:37.308 [restartedMain] INFO c.u.UtmostApplication - Starting UtmostApplication using Java 17.0.13 with PID 4020 (C:\factory\ws_sts_4281\repo_utmost\utmost\bin\main started by Jun in C:\factory\ws_sts_4281\repo_utmost\utmost) 
2025-10-05T22:57:37.308 [restartedMain] INFO c.u.UtmostApplication - The following 1 profile is active: "external" 
2025-10-05T22:57:37.561 [restartedMain] INFO o.s.b.w.e.t.TomcatWebServer - Tomcat initialized with port 8099 (http) 
2025-10-05T22:57:37.561 [restartedMain] INFO o.a.c.h.Http11NioProtocol - Initializing ProtocolHandler ["http-nio-8099"] 
2025-10-05T22:57:37.562 [restartedMain] INFO o.a.c.c.StandardService - Starting service [Tomcat] 
2025-10-05T22:57:37.562 [restartedMain] INFO o.a.c.c.StandardEngine - Starting Servlet engine: [Apache Tomcat/10.1.46] 
2025-10-05T22:57:37.580 [restartedMain] INFO o.a.c.c.C.[.[.[/] - Initializing Spring embedded WebApplicationContext 
2025-10-05T22:57:37.580 [restartedMain] INFO o.s.b.w.s.c.ServletWebServerApplicationContext - Root WebApplicationContext: initialization completed in 270 ms 
2025-10-05T22:57:37.690 [restartedMain] INFO o.s.b.d.a.OptionalLiveReloadServer - LiveReload server is running on port 35729 
2025-10-05T22:57:37.702 [restartedMain] INFO o.a.c.h.Http11NioProtocol - Starting ProtocolHandler ["http-nio-8099"] 
2025-10-05T22:57:37.706 [restartedMain] INFO o.s.b.w.e.t.TomcatWebServer - Tomcat started on port 8099 (http) with context path '/' 
2025-10-05T22:57:37.710 [restartedMain] INFO c.u.UtmostApplication - Started UtmostApplication in 0.432 seconds (process running for 2185.305) 
2025-10-05T22:57:37.711 [restartedMain] INFO o.s.b.d.a.ConditionEvaluationDeltaLoggingListener - Condition evaluation unchanged 
2025-10-05T22:57:38.749 [http-nio-8099-exec-4] INFO o.a.c.c.C.[.[.[/] - Initializing Spring DispatcherServlet 'dispatcherServlet' 
2025-10-05T22:57:38.749 [http-nio-8099-exec-4] INFO o.s.w.s.DispatcherServlet - Initializing Servlet 'dispatcherServlet' 
2025-10-05T22:57:38.750 [http-nio-8099-exec-4] INFO o.s.w.s.DispatcherServlet - Completed initialization in 1 ms 
2025-10-05T22:58:03.799 [File Watcher] INFO o.s.b.d.a.LocalDevToolsAutoConfiguration$RestartingClassPathChangeChangedEventListener - Restarting due to 1 class path change (0 additions, 0 deletions, 1 modification) 
2025-10-05T22:58:03.800 [Thread-35] INFO o.s.b.w.e.t.GracefulShutdown - Commencing graceful shutdown. Waiting for active requests to complete 
2025-10-05T22:58:03.801 [tomcat-shutdown] INFO o.a.c.h.Http11NioProtocol - Pausing ProtocolHandler ["http-nio-8099"] 
2025-10-05T22:58:03.870 [tomcat-shutdown] INFO o.s.b.w.e.t.GracefulShutdown - Graceful shutdown complete 
2025-10-05T22:58:03.870 [Thread-35] INFO o.a.c.h.Http11NioProtocol - Stopping ProtocolHandler ["http-nio-8099"] 
2025-10-05T22:58:03.932 [restartedMain] INFO c.u.UtmostApplication - Starting UtmostApplication using Java 17.0.13 with PID 4020 (C:\factory\ws_sts_4281\repo_utmost\utmost\bin\main started by Jun in C:\factory\ws_sts_4281\repo_utmost\utmost) 
2025-10-05T22:58:03.932 [restartedMain] INFO c.u.UtmostApplication - The following 1 profile is active: "external" 
2025-10-05T22:58:04.170 [restartedMain] INFO o.s.b.w.e.t.TomcatWebServer - Tomcat initialized with port 8099 (http) 
2025-10-05T22:58:04.170 [restartedMain] INFO o.a.c.h.Http11NioProtocol - Initializing ProtocolHandler ["http-nio-8099"] 
2025-10-05T22:58:04.170 [restartedMain] INFO o.a.c.c.StandardService - Starting service [Tomcat] 
2025-10-05T22:58:04.170 [restartedMain] INFO o.a.c.c.StandardEngine - Starting Servlet engine: [Apache Tomcat/10.1.46] 
2025-10-05T22:58:04.187 [restartedMain] INFO o.a.c.c.C.[.[.[/] - Initializing Spring embedded WebApplicationContext 
2025-10-05T22:58:04.187 [restartedMain] INFO o.s.b.w.s.c.ServletWebServerApplicationContext - Root WebApplicationContext: initialization completed in 253 ms 
2025-10-05T22:58:04.266 [restartedMain] INFO o.s.b.d.a.OptionalLiveReloadServer - LiveReload server is running on port 35729 
2025-10-05T22:58:04.273 [restartedMain] INFO o.a.c.h.Http11NioProtocol - Starting ProtocolHandler ["http-nio-8099"] 
2025-10-05T22:58:04.277 [restartedMain] INFO o.s.b.w.e.t.TomcatWebServer - Tomcat started on port 8099 (http) with context path '/' 
2025-10-05T22:58:04.283 [restartedMain] INFO c.u.UtmostApplication - Started UtmostApplication in 0.379 seconds (process running for 2211.879) 
2025-10-05T22:58:04.285 [restartedMain] INFO o.s.b.d.a.ConditionEvaluationDeltaLoggingListener - Condition evaluation unchanged 
2025-10-05T22:58:04.461 [http-nio-8099-exec-1] INFO o.a.c.c.C.[.[.[/] - Initializing Spring DispatcherServlet 'dispatcherServlet' 
2025-10-05T22:58:04.461 [http-nio-8099-exec-1] INFO o.s.w.s.DispatcherServlet - Initializing Servlet 'dispatcherServlet' 
2025-10-05T22:58:04.461 [http-nio-8099-exec-1] INFO o.s.w.s.DispatcherServlet - Completed initialization in 0 ms 
2025-10-05T22:58:04.821 [http-nio-8099-exec-1] ERROR o.t.TemplateEngine - [THYMELEAF][http-nio-8099-exec-1] Exception processing template "/xdm/index/indexXdmView": An error happened during template parsing (template: "class path resource [templates//xdm/index/indexXdmView.html]") 
org.thymeleaf.exceptions.TemplateInputException: An error happened during template parsing (template: "class path resource [templates//xdm/index/indexXdmView.html]")
	at org.thymeleaf.templateparser.markup.AbstractMarkupTemplateParser.parse(AbstractMarkupTemplateParser.java:241)
	at org.thymeleaf.templateparser.markup.AbstractMarkupTemplateParser.parseStandalone(AbstractMarkupTemplateParser.java:100)
	at org.thymeleaf.engine.TemplateManager.parseAndProcess(TemplateManager.java:666)
	at org.thymeleaf.TemplateEngine.process(TemplateEngine.java:1103)
	at org.thymeleaf.TemplateEngine.process(TemplateEngine.java:1077)
	at org.thymeleaf.spring6.view.ThymeleafView.renderFragment(ThymeleafView.java:372)
	at org.thymeleaf.spring6.view.ThymeleafView.render(ThymeleafView.java:192)
	at org.springframework.web.servlet.DispatcherServlet.render(DispatcherServlet.java:1438)
	at org.springframework.web.servlet.DispatcherServlet.processDispatchResult(DispatcherServlet.java:1168)
	at org.springframework.web.servlet.DispatcherServlet.doDispatch(DispatcherServlet.java:1106)
	at org.springframework.web.servlet.DispatcherServlet.doService(DispatcherServlet.java:979)
	at org.springframework.web.servlet.FrameworkServlet.processRequest(FrameworkServlet.java:1014)
	at org.springframework.web.servlet.FrameworkServlet.doGet(FrameworkServlet.java:903)
	at jakarta.servlet.http.HttpServlet.service(HttpServlet.java:564)
	at org.springframework.web.servlet.FrameworkServlet.service(FrameworkServlet.java:885)
	at jakarta.servlet.http.HttpServlet.service(HttpServlet.java:658)
	at org.apache.catalina.core.ApplicationFilterChain.internalDoFilter(ApplicationFilterChain.java:195)
	at org.apache.catalina.core.ApplicationFilterChain.doFilter(ApplicationFilterChain.java:140)
	at org.apache.tomcat.websocket.server.WsFilter.doFilter(WsFilter.java:51)
	at org.apache.catalina.core.ApplicationFilterChain.internalDoFilter(ApplicationFilterChain.java:164)
	at org.apache.catalina.core.ApplicationFilterChain.doFilter(ApplicationFilterChain.java:140)
	at org.springframework.web.filter.RequestContextFilter.doFilterInternal(RequestContextFilter.java:100)
	at org.springframework.web.filter.OncePerRequestFilter.doFilter(OncePerRequestFilter.java:116)
	at org.apache.catalina.core.ApplicationFilterChain.internalDoFilter(ApplicationFilterChain.java:164)
	at org.apache.catalina.core.ApplicationFilterChain.doFilter(ApplicationFilterChain.java:140)
	at org.springframework.web.filter.FormContentFilter.doFilterInternal(FormContentFilter.java:93)
	at org.springframework.web.filter.OncePerRequestFilter.doFilter(OncePerRequestFilter.java:116)
	at org.apache.catalina.core.ApplicationFilterChain.internalDoFilter(ApplicationFilterChain.java:164)
	at org.apache.catalina.core.ApplicationFilterChain.doFilter(ApplicationFilterChain.java:140)
	at org.springframework.web.filter.CharacterEncodingFilter.doFilterInternal(CharacterEncodingFilter.java:201)
	at org.springframework.web.filter.OncePerRequestFilter.doFilter(OncePerRequestFilter.java:116)
	at org.apache.catalina.core.ApplicationFilterChain.internalDoFilter(ApplicationFilterChain.java:164)
	at org.apache.catalina.core.ApplicationFilterChain.doFilter(ApplicationFilterChain.java:140)
	at org.apache.catalina.core.StandardWrapperValve.invoke(StandardWrapperValve.java:167)
	at org.apache.catalina.core.StandardContextValve.invoke(StandardContextValve.java:90)
	at org.apache.catalina.authenticator.AuthenticatorBase.invoke(AuthenticatorBase.java:483)
	at org.apache.catalina.core.StandardHostValve.invoke(StandardHostValve.java:116)
	at org.apache.catalina.valves.ErrorReportValve.invoke(ErrorReportValve.java:93)
	at org.apache.catalina.core.StandardEngineValve.invoke(StandardEngineValve.java:74)
	at org.apache.catalina.connector.CoyoteAdapter.service(CoyoteAdapter.java:344)
	at org.apache.coyote.http11.Http11Processor.service(Http11Processor.java:398)
	at org.apache.coyote.AbstractProcessorLight.process(AbstractProcessorLight.java:63)
	at org.apache.coyote.AbstractProtocol$ConnectionHandler.process(AbstractProtocol.java:903)
	at org.apache.tomcat.util.net.NioEndpoint$SocketProcessor.doRun(NioEndpoint.java:1776)
	at org.apache.tomcat.util.net.SocketProcessorBase.run(SocketProcessorBase.java:52)
	at org.apache.tomcat.util.threads.ThreadPoolExecutor.runWorker(ThreadPoolExecutor.java:975)
	at org.apache.tomcat.util.threads.ThreadPoolExecutor$Worker.run(ThreadPoolExecutor.java:493)
	at org.apache.tomcat.util.threads.TaskThread$WrappingRunnable.run(TaskThread.java:63)
	at java.base/java.lang.Thread.run(Thread.java:840)
Caused by: org.attoparser.ParseException: Error resolving template [xdm/include/includeXdmFalcon], template might not exist or might not be accessible by any of the configured Template Resolvers (template: "/xdm/index/indexXdmView" - line 708, col 10)
	at org.attoparser.MarkupParser.parseDocument(MarkupParser.java:393)
	at org.attoparser.MarkupParser.parse(MarkupParser.java:257)
	at org.thymeleaf.templateparser.markup.AbstractMarkupTemplateParser.parse(AbstractMarkupTemplateParser.java:230)
	... 48 common frames omitted
Caused by: org.thymeleaf.exceptions.TemplateInputException: Error resolving template [xdm/include/includeXdmFalcon], template might not exist or might not be accessible by any of the configured Template Resolvers (template: "/xdm/index/indexXdmView" - line 708, col 10)
	at org.thymeleaf.engine.TemplateManager.resolveTemplate(TemplateManager.java:869)
	at org.thymeleaf.engine.TemplateManager.parseStandalone(TemplateManager.java:250)
	at org.thymeleaf.standard.expression.FragmentExpression.resolveExecutedFragmentExpression(FragmentExpression.java:567)
	at org.thymeleaf.standard.processor.AbstractStandardFragmentInsertionTagProcessor.computeFragment(AbstractStandardFragmentInsertionTagProcessor.java:419)
	at org.thymeleaf.standard.processor.AbstractStandardFragmentInsertionTagProcessor.doProcess(AbstractStandardFragmentInsertionTagProcessor.java:115)
	at org.thymeleaf.processor.element.AbstractAttributeTagProcessor.doProcess(AbstractAttributeTagProcessor.java:74)
	at org.thymeleaf.processor.element.AbstractElementTagProcessor.process(AbstractElementTagProcessor.java:95)
	at org.thymeleaf.util.ProcessorConfigurationUtils$ElementTagProcessorWrapper.process(ProcessorConfigurationUtils.java:633)
	at org.thymeleaf.engine.ProcessorTemplateHandler.handleOpenElement(ProcessorTemplateHandler.java:1314)
	at org.thymeleaf.engine.TemplateHandlerAdapterMarkupHandler.handleOpenElementEnd(TemplateHandlerAdapterMarkupHandler.java:304)
	at org.thymeleaf.templateparser.markup.InlinedOutputExpressionMarkupHandler$InlineMarkupAdapterPreProcessorHandler.handleOpenElementEnd(InlinedOutputExpressionMarkupHandler.java:278)
	at org.thymeleaf.standard.inline.OutputExpressionInlinePreProcessorHandler.handleOpenElementEnd(OutputExpressionInlinePreProcessorHandler.java:186)
	at org.thymeleaf.templateparser.markup.InlinedOutputExpressionMarkupHandler.handleOpenElementEnd(InlinedOutputExpressionMarkupHandler.java:124)
	at org.attoparser.HtmlElement.handleOpenElementEnd(HtmlElement.java:109)
	at org.attoparser.HtmlMarkupHandler.handleOpenElementEnd(HtmlMarkupHandler.java:297)
	at org.attoparser.MarkupEventProcessorHandler.handleOpenElementEnd(MarkupEventProcessorHandler.java:402)
	at org.attoparser.ParsingElementMarkupUtil.parseOpenElement(ParsingElementMarkupUtil.java:159)
	at org.attoparser.MarkupParser.parseBuffer(MarkupParser.java:710)
	at org.attoparser.MarkupParser.parseDocument(MarkupParser.java:301)
	... 50 common frames omitted
2025-10-05T22:58:04.823 [http-nio-8099-exec-1] ERROR o.a.c.c.C.[.[.[.[dispatcherServlet] - Servlet.service() for servlet [dispatcherServlet] in context with path [] threw exception [Request processing failed: org.thymeleaf.exceptions.TemplateInputException: An error happened during template parsing (template: "class path resource [templates//xdm/index/indexXdmView.html]")] with root cause 
org.thymeleaf.exceptions.TemplateInputException: Error resolving template [xdm/include/includeXdmFalcon], template might not exist or might not be accessible by any of the configured Template Resolvers (template: "/xdm/index/indexXdmView" - line 708, col 10)
	at org.thymeleaf.engine.TemplateManager.resolveTemplate(TemplateManager.java:869)
	at org.thymeleaf.engine.TemplateManager.parseStandalone(TemplateManager.java:250)
	at org.thymeleaf.standard.expression.FragmentExpression.resolveExecutedFragmentExpression(FragmentExpression.java:567)
	at org.thymeleaf.standard.processor.AbstractStandardFragmentInsertionTagProcessor.computeFragment(AbstractStandardFragmentInsertionTagProcessor.java:419)
	at org.thymeleaf.standard.processor.AbstractStandardFragmentInsertionTagProcessor.doProcess(AbstractStandardFragmentInsertionTagProcessor.java:115)
	at org.thymeleaf.processor.element.AbstractAttributeTagProcessor.doProcess(AbstractAttributeTagProcessor.java:74)
	at org.thymeleaf.processor.element.AbstractElementTagProcessor.process(AbstractElementTagProcessor.java:95)
	at org.thymeleaf.util.ProcessorConfigurationUtils$ElementTagProcessorWrapper.process(ProcessorConfigurationUtils.java:633)
	at org.thymeleaf.engine.ProcessorTemplateHandler.handleOpenElement(ProcessorTemplateHandler.java:1314)
	at org.thymeleaf.engine.TemplateHandlerAdapterMarkupHandler.handleOpenElementEnd(TemplateHandlerAdapterMarkupHandler.java:304)
	at org.thymeleaf.templateparser.markup.InlinedOutputExpressionMarkupHandler$InlineMarkupAdapterPreProcessorHandler.handleOpenElementEnd(InlinedOutputExpressionMarkupHandler.java:278)
	at org.thymeleaf.standard.inline.OutputExpressionInlinePreProcessorHandler.handleOpenElementEnd(OutputExpressionInlinePreProcessorHandler.java:186)
	at org.thymeleaf.templateparser.markup.InlinedOutputExpressionMarkupHandler.handleOpenElementEnd(InlinedOutputExpressionMarkupHandler.java:124)
	at org.attoparser.HtmlElement.handleOpenElementEnd(HtmlElement.java:109)
	at org.attoparser.HtmlMarkupHandler.handleOpenElementEnd(HtmlMarkupHandler.java:297)
	at org.attoparser.MarkupEventProcessorHandler.handleOpenElementEnd(MarkupEventProcessorHandler.java:402)
	at org.attoparser.ParsingElementMarkupUtil.parseOpenElement(ParsingElementMarkupUtil.java:159)
	at org.attoparser.MarkupParser.parseBuffer(MarkupParser.java:710)
	at org.attoparser.MarkupParser.parseDocument(MarkupParser.java:301)
	at org.attoparser.MarkupParser.parse(MarkupParser.java:257)
	at org.thymeleaf.templateparser.markup.AbstractMarkupTemplateParser.parse(AbstractMarkupTemplateParser.java:230)
	at org.thymeleaf.templateparser.markup.AbstractMarkupTemplateParser.parseStandalone(AbstractMarkupTemplateParser.java:100)
	at org.thymeleaf.engine.TemplateManager.parseAndProcess(TemplateManager.java:666)
	at org.thymeleaf.TemplateEngine.process(TemplateEngine.java:1103)
	at org.thymeleaf.TemplateEngine.process(TemplateEngine.java:1077)
	at org.thymeleaf.spring6.view.ThymeleafView.renderFragment(ThymeleafView.java:372)
	at org.thymeleaf.spring6.view.ThymeleafView.render(ThymeleafView.java:192)
	at org.springframework.web.servlet.DispatcherServlet.render(DispatcherServlet.java:1438)
	at org.springframework.web.servlet.DispatcherServlet.processDispatchResult(DispatcherServlet.java:1168)
	at org.springframework.web.servlet.DispatcherServlet.doDispatch(DispatcherServlet.java:1106)
	at org.springframework.web.servlet.DispatcherServlet.doService(DispatcherServlet.java:979)
	at org.springframework.web.servlet.FrameworkServlet.processRequest(FrameworkServlet.java:1014)
	at org.springframework.web.servlet.FrameworkServlet.doGet(FrameworkServlet.java:903)
	at jakarta.servlet.http.HttpServlet.service(HttpServlet.java:564)
	at org.springframework.web.servlet.FrameworkServlet.service(FrameworkServlet.java:885)
	at jakarta.servlet.http.HttpServlet.service(HttpServlet.java:658)
	at org.apache.catalina.core.ApplicationFilterChain.internalDoFilter(ApplicationFilterChain.java:195)
	at org.apache.catalina.core.ApplicationFilterChain.doFilter(ApplicationFilterChain.java:140)
	at org.apache.tomcat.websocket.server.WsFilter.doFilter(WsFilter.java:51)
	at org.apache.catalina.core.ApplicationFilterChain.internalDoFilter(ApplicationFilterChain.java:164)
	at org.apache.catalina.core.ApplicationFilterChain.doFilter(ApplicationFilterChain.java:140)
	at org.springframework.web.filter.RequestContextFilter.doFilterInternal(RequestContextFilter.java:100)
	at org.springframework.web.filter.OncePerRequestFilter.doFilter(OncePerRequestFilter.java:116)
	at org.apache.catalina.core.ApplicationFilterChain.internalDoFilter(ApplicationFilterChain.java:164)
	at org.apache.catalina.core.ApplicationFilterChain.doFilter(ApplicationFilterChain.java:140)
	at org.springframework.web.filter.FormContentFilter.doFilterInternal(FormContentFilter.java:93)
	at org.springframework.web.filter.OncePerRequestFilter.doFilter(OncePerRequestFilter.java:116)
	at org.apache.catalina.core.ApplicationFilterChain.internalDoFilter(ApplicationFilterChain.java:164)
	at org.apache.catalina.core.ApplicationFilterChain.doFilter(ApplicationFilterChain.java:140)
	at org.springframework.web.filter.CharacterEncodingFilter.doFilterInternal(CharacterEncodingFilter.java:201)
	at org.springframework.web.filter.OncePerRequestFilter.doFilter(OncePerRequestFilter.java:116)
	at org.apache.catalina.core.ApplicationFilterChain.internalDoFilter(ApplicationFilterChain.java:164)
	at org.apache.catalina.core.ApplicationFilterChain.doFilter(ApplicationFilterChain.java:140)
	at org.apache.catalina.core.StandardWrapperValve.invoke(StandardWrapperValve.java:167)
	at org.apache.catalina.core.StandardContextValve.invoke(StandardContextValve.java:90)
	at org.apache.catalina.authenticator.AuthenticatorBase.invoke(AuthenticatorBase.java:483)
	at org.apache.catalina.core.StandardHostValve.invoke(StandardHostValve.java:116)
	at org.apache.catalina.valves.ErrorReportValve.invoke(ErrorReportValve.java:93)
	at org.apache.catalina.core.StandardEngineValve.invoke(StandardEngineValve.java:74)
	at org.apache.catalina.connector.CoyoteAdapter.service(CoyoteAdapter.java:344)
	at org.apache.coyote.http11.Http11Processor.service(Http11Processor.java:398)
	at org.apache.coyote.AbstractProcessorLight.process(AbstractProcessorLight.java:63)
	at org.apache.coyote.AbstractProtocol$ConnectionHandler.process(AbstractProtocol.java:903)
	at org.apache.tomcat.util.net.NioEndpoint$SocketProcessor.doRun(NioEndpoint.java:1776)
	at org.apache.tomcat.util.net.SocketProcessorBase.run(SocketProcessorBase.java:52)
	at org.apache.tomcat.util.threads.ThreadPoolExecutor.runWorker(ThreadPoolExecutor.java:975)
	at org.apache.tomcat.util.threads.ThreadPoolExecutor$Worker.run(ThreadPoolExecutor.java:493)
	at org.apache.tomcat.util.threads.TaskThread$WrappingRunnable.run(TaskThread.java:63)
	at java.base/java.lang.Thread.run(Thread.java:840)
2025-10-05T22:58:04.833 [http-nio-8099-exec-1] ERROR o.s.b.a.w.s.e.ErrorMvcAutoConfiguration$StaticView - Cannot render error page for request [/xdm/indexXdmView] and exception [An error happened during template parsing (template: "class path resource [templates//xdm/index/indexXdmView.html]")] as the response has already been committed. As a result, the response may have the wrong status code. 
2025-10-05T22:58:09.654 [http-nio-8099-exec-7] ERROR o.t.TemplateEngine - [THYMELEAF][http-nio-8099-exec-7] Exception processing template "/xdm/index/indexXdmView": An error happened during template parsing (template: "class path resource [templates//xdm/index/indexXdmView.html]") 
org.thymeleaf.exceptions.TemplateInputException: An error happened during template parsing (template: "class path resource [templates//xdm/index/indexXdmView.html]")
	at org.thymeleaf.templateparser.markup.AbstractMarkupTemplateParser.parse(AbstractMarkupTemplateParser.java:241)
	at org.thymeleaf.templateparser.markup.AbstractMarkupTemplateParser.parseStandalone(AbstractMarkupTemplateParser.java:100)
	at org.thymeleaf.engine.TemplateManager.parseAndProcess(TemplateManager.java:666)
	at org.thymeleaf.TemplateEngine.process(TemplateEngine.java:1103)
	at org.thymeleaf.TemplateEngine.process(TemplateEngine.java:1077)
	at org.thymeleaf.spring6.view.ThymeleafView.renderFragment(ThymeleafView.java:372)
	at org.thymeleaf.spring6.view.ThymeleafView.render(ThymeleafView.java:192)
	at org.springframework.web.servlet.DispatcherServlet.render(DispatcherServlet.java:1438)
	at org.springframework.web.servlet.DispatcherServlet.processDispatchResult(DispatcherServlet.java:1168)
	at org.springframework.web.servlet.DispatcherServlet.doDispatch(DispatcherServlet.java:1106)
	at org.springframework.web.servlet.DispatcherServlet.doService(DispatcherServlet.java:979)
	at org.springframework.web.servlet.FrameworkServlet.processRequest(FrameworkServlet.java:1014)
	at org.springframework.web.servlet.FrameworkServlet.doGet(FrameworkServlet.java:903)
	at jakarta.servlet.http.HttpServlet.service(HttpServlet.java:564)
	at org.springframework.web.servlet.FrameworkServlet.service(FrameworkServlet.java:885)
	at jakarta.servlet.http.HttpServlet.service(HttpServlet.java:658)
	at org.apache.catalina.core.ApplicationFilterChain.internalDoFilter(ApplicationFilterChain.java:195)
	at org.apache.catalina.core.ApplicationFilterChain.doFilter(ApplicationFilterChain.java:140)
	at org.apache.tomcat.websocket.server.WsFilter.doFilter(WsFilter.java:51)
	at org.apache.catalina.core.ApplicationFilterChain.internalDoFilter(ApplicationFilterChain.java:164)
	at org.apache.catalina.core.ApplicationFilterChain.doFilter(ApplicationFilterChain.java:140)
	at org.springframework.web.filter.RequestContextFilter.doFilterInternal(RequestContextFilter.java:100)
	at org.springframework.web.filter.OncePerRequestFilter.doFilter(OncePerRequestFilter.java:116)
	at org.apache.catalina.core.ApplicationFilterChain.internalDoFilter(ApplicationFilterChain.java:164)
	at org.apache.catalina.core.ApplicationFilterChain.doFilter(ApplicationFilterChain.java:140)
	at org.springframework.web.filter.FormContentFilter.doFilterInternal(FormContentFilter.java:93)
	at org.springframework.web.filter.OncePerRequestFilter.doFilter(OncePerRequestFilter.java:116)
	at org.apache.catalina.core.ApplicationFilterChain.internalDoFilter(ApplicationFilterChain.java:164)
	at org.apache.catalina.core.ApplicationFilterChain.doFilter(ApplicationFilterChain.java:140)
	at org.springframework.web.filter.CharacterEncodingFilter.doFilterInternal(CharacterEncodingFilter.java:201)
	at org.springframework.web.filter.OncePerRequestFilter.doFilter(OncePerRequestFilter.java:116)
	at org.apache.catalina.core.ApplicationFilterChain.internalDoFilter(ApplicationFilterChain.java:164)
	at org.apache.catalina.core.ApplicationFilterChain.doFilter(ApplicationFilterChain.java:140)
	at org.apache.catalina.core.StandardWrapperValve.invoke(StandardWrapperValve.java:167)
	at org.apache.catalina.core.StandardContextValve.invoke(StandardContextValve.java:90)
	at org.apache.catalina.authenticator.AuthenticatorBase.invoke(AuthenticatorBase.java:483)
	at org.apache.catalina.core.StandardHostValve.invoke(StandardHostValve.java:116)
	at org.apache.catalina.valves.ErrorReportValve.invoke(ErrorReportValve.java:93)
	at org.apache.catalina.core.StandardEngineValve.invoke(StandardEngineValve.java:74)
	at org.apache.catalina.connector.CoyoteAdapter.service(CoyoteAdapter.java:344)
	at org.apache.coyote.http11.Http11Processor.service(Http11Processor.java:398)
	at org.apache.coyote.AbstractProcessorLight.process(AbstractProcessorLight.java:63)
	at org.apache.coyote.AbstractProtocol$ConnectionHandler.process(AbstractProtocol.java:903)
	at org.apache.tomcat.util.net.NioEndpoint$SocketProcessor.doRun(NioEndpoint.java:1776)
	at org.apache.tomcat.util.net.SocketProcessorBase.run(SocketProcessorBase.java:52)
	at org.apache.tomcat.util.threads.ThreadPoolExecutor.runWorker(ThreadPoolExecutor.java:975)
	at org.apache.tomcat.util.threads.ThreadPoolExecutor$Worker.run(ThreadPoolExecutor.java:493)
	at org.apache.tomcat.util.threads.TaskThread$WrappingRunnable.run(TaskThread.java:63)
	at java.base/java.lang.Thread.run(Thread.java:840)
Caused by: org.attoparser.ParseException: Error resolving template [xdm/include/includeXdmFalcon], template might not exist or might not be accessible by any of the configured Template Resolvers (template: "/xdm/index/indexXdmView" - line 708, col 10)
	at org.attoparser.MarkupParser.parseDocument(MarkupParser.java:393)
	at org.attoparser.MarkupParser.parse(MarkupParser.java:257)
	at org.thymeleaf.templateparser.markup.AbstractMarkupTemplateParser.parse(AbstractMarkupTemplateParser.java:230)
	... 48 common frames omitted
Caused by: org.thymeleaf.exceptions.TemplateInputException: Error resolving template [xdm/include/includeXdmFalcon], template might not exist or might not be accessible by any of the configured Template Resolvers (template: "/xdm/index/indexXdmView" - line 708, col 10)
	at org.thymeleaf.engine.TemplateManager.resolveTemplate(TemplateManager.java:869)
	at org.thymeleaf.engine.TemplateManager.parseStandalone(TemplateManager.java:250)
	at org.thymeleaf.standard.expression.FragmentExpression.resolveExecutedFragmentExpression(FragmentExpression.java:567)
	at org.thymeleaf.standard.processor.AbstractStandardFragmentInsertionTagProcessor.computeFragment(AbstractStandardFragmentInsertionTagProcessor.java:419)
	at org.thymeleaf.standard.processor.AbstractStandardFragmentInsertionTagProcessor.doProcess(AbstractStandardFragmentInsertionTagProcessor.java:115)
	at org.thymeleaf.processor.element.AbstractAttributeTagProcessor.doProcess(AbstractAttributeTagProcessor.java:74)
	at org.thymeleaf.processor.element.AbstractElementTagProcessor.process(AbstractElementTagProcessor.java:95)
	at org.thymeleaf.util.ProcessorConfigurationUtils$ElementTagProcessorWrapper.process(ProcessorConfigurationUtils.java:633)
	at org.thymeleaf.engine.ProcessorTemplateHandler.handleOpenElement(ProcessorTemplateHandler.java:1314)
	at org.thymeleaf.engine.TemplateHandlerAdapterMarkupHandler.handleOpenElementEnd(TemplateHandlerAdapterMarkupHandler.java:304)
	at org.thymeleaf.templateparser.markup.InlinedOutputExpressionMarkupHandler$InlineMarkupAdapterPreProcessorHandler.handleOpenElementEnd(InlinedOutputExpressionMarkupHandler.java:278)
	at org.thymeleaf.standard.inline.OutputExpressionInlinePreProcessorHandler.handleOpenElementEnd(OutputExpressionInlinePreProcessorHandler.java:186)
	at org.thymeleaf.templateparser.markup.InlinedOutputExpressionMarkupHandler.handleOpenElementEnd(InlinedOutputExpressionMarkupHandler.java:124)
	at org.attoparser.HtmlElement.handleOpenElementEnd(HtmlElement.java:109)
	at org.attoparser.HtmlMarkupHandler.handleOpenElementEnd(HtmlMarkupHandler.java:297)
	at org.attoparser.MarkupEventProcessorHandler.handleOpenElementEnd(MarkupEventProcessorHandler.java:402)
	at org.attoparser.ParsingElementMarkupUtil.parseOpenElement(ParsingElementMarkupUtil.java:159)
	at org.attoparser.MarkupParser.parseBuffer(MarkupParser.java:710)
	at org.attoparser.MarkupParser.parseDocument(MarkupParser.java:301)
	... 50 common frames omitted
2025-10-05T22:58:09.654 [http-nio-8099-exec-7] ERROR o.a.c.c.C.[.[.[.[dispatcherServlet] - Servlet.service() for servlet [dispatcherServlet] in context with path [] threw exception [Request processing failed: org.thymeleaf.exceptions.TemplateInputException: An error happened during template parsing (template: "class path resource [templates//xdm/index/indexXdmView.html]")] with root cause 
org.thymeleaf.exceptions.TemplateInputException: Error resolving template [xdm/include/includeXdmFalcon], template might not exist or might not be accessible by any of the configured Template Resolvers (template: "/xdm/index/indexXdmView" - line 708, col 10)
	at org.thymeleaf.engine.TemplateManager.resolveTemplate(TemplateManager.java:869)
	at org.thymeleaf.engine.TemplateManager.parseStandalone(TemplateManager.java:250)
	at org.thymeleaf.standard.expression.FragmentExpression.resolveExecutedFragmentExpression(FragmentExpression.java:567)
	at org.thymeleaf.standard.processor.AbstractStandardFragmentInsertionTagProcessor.computeFragment(AbstractStandardFragmentInsertionTagProcessor.java:419)
	at org.thymeleaf.standard.processor.AbstractStandardFragmentInsertionTagProcessor.doProcess(AbstractStandardFragmentInsertionTagProcessor.java:115)
	at org.thymeleaf.processor.element.AbstractAttributeTagProcessor.doProcess(AbstractAttributeTagProcessor.java:74)
	at org.thymeleaf.processor.element.AbstractElementTagProcessor.process(AbstractElementTagProcessor.java:95)
	at org.thymeleaf.util.ProcessorConfigurationUtils$ElementTagProcessorWrapper.process(ProcessorConfigurationUtils.java:633)
	at org.thymeleaf.engine.ProcessorTemplateHandler.handleOpenElement(ProcessorTemplateHandler.java:1314)
	at org.thymeleaf.engine.TemplateHandlerAdapterMarkupHandler.handleOpenElementEnd(TemplateHandlerAdapterMarkupHandler.java:304)
	at org.thymeleaf.templateparser.markup.InlinedOutputExpressionMarkupHandler$InlineMarkupAdapterPreProcessorHandler.handleOpenElementEnd(InlinedOutputExpressionMarkupHandler.java:278)
	at org.thymeleaf.standard.inline.OutputExpressionInlinePreProcessorHandler.handleOpenElementEnd(OutputExpressionInlinePreProcessorHandler.java:186)
	at org.thymeleaf.templateparser.markup.InlinedOutputExpressionMarkupHandler.handleOpenElementEnd(InlinedOutputExpressionMarkupHandler.java:124)
	at org.attoparser.HtmlElement.handleOpenElementEnd(HtmlElement.java:109)
	at org.attoparser.HtmlMarkupHandler.handleOpenElementEnd(HtmlMarkupHandler.java:297)
	at org.attoparser.MarkupEventProcessorHandler.handleOpenElementEnd(MarkupEventProcessorHandler.java:402)
	at org.attoparser.ParsingElementMarkupUtil.parseOpenElement(ParsingElementMarkupUtil.java:159)
	at org.attoparser.MarkupParser.parseBuffer(MarkupParser.java:710)
	at org.attoparser.MarkupParser.parseDocument(MarkupParser.java:301)
	at org.attoparser.MarkupParser.parse(MarkupParser.java:257)
	at org.thymeleaf.templateparser.markup.AbstractMarkupTemplateParser.parse(AbstractMarkupTemplateParser.java:230)
	at org.thymeleaf.templateparser.markup.AbstractMarkupTemplateParser.parseStandalone(AbstractMarkupTemplateParser.java:100)
	at org.thymeleaf.engine.TemplateManager.parseAndProcess(TemplateManager.java:666)
	at org.thymeleaf.TemplateEngine.process(TemplateEngine.java:1103)
	at org.thymeleaf.TemplateEngine.process(TemplateEngine.java:1077)
	at org.thymeleaf.spring6.view.ThymeleafView.renderFragment(ThymeleafView.java:372)
	at org.thymeleaf.spring6.view.ThymeleafView.render(ThymeleafView.java:192)
	at org.springframework.web.servlet.DispatcherServlet.render(DispatcherServlet.java:1438)
	at org.springframework.web.servlet.DispatcherServlet.processDispatchResult(DispatcherServlet.java:1168)
	at org.springframework.web.servlet.DispatcherServlet.doDispatch(DispatcherServlet.java:1106)
	at org.springframework.web.servlet.DispatcherServlet.doService(DispatcherServlet.java:979)
	at org.springframework.web.servlet.FrameworkServlet.processRequest(FrameworkServlet.java:1014)
	at org.springframework.web.servlet.FrameworkServlet.doGet(FrameworkServlet.java:903)
	at jakarta.servlet.http.HttpServlet.service(HttpServlet.java:564)
	at org.springframework.web.servlet.FrameworkServlet.service(FrameworkServlet.java:885)
	at jakarta.servlet.http.HttpServlet.service(HttpServlet.java:658)
	at org.apache.catalina.core.ApplicationFilterChain.internalDoFilter(ApplicationFilterChain.java:195)
	at org.apache.catalina.core.ApplicationFilterChain.doFilter(ApplicationFilterChain.java:140)
	at org.apache.tomcat.websocket.server.WsFilter.doFilter(WsFilter.java:51)
	at org.apache.catalina.core.ApplicationFilterChain.internalDoFilter(ApplicationFilterChain.java:164)
	at org.apache.catalina.core.ApplicationFilterChain.doFilter(ApplicationFilterChain.java:140)
	at org.springframework.web.filter.RequestContextFilter.doFilterInternal(RequestContextFilter.java:100)
	at org.springframework.web.filter.OncePerRequestFilter.doFilter(OncePerRequestFilter.java:116)
	at org.apache.catalina.core.ApplicationFilterChain.internalDoFilter(ApplicationFilterChain.java:164)
	at org.apache.catalina.core.ApplicationFilterChain.doFilter(ApplicationFilterChain.java:140)
	at org.springframework.web.filter.FormContentFilter.doFilterInternal(FormContentFilter.java:93)
	at org.springframework.web.filter.OncePerRequestFilter.doFilter(OncePerRequestFilter.java:116)
	at org.apache.catalina.core.ApplicationFilterChain.internalDoFilter(ApplicationFilterChain.java:164)
	at org.apache.catalina.core.ApplicationFilterChain.doFilter(ApplicationFilterChain.java:140)
	at org.springframework.web.filter.CharacterEncodingFilter.doFilterInternal(CharacterEncodingFilter.java:201)
	at org.springframework.web.filter.OncePerRequestFilter.doFilter(OncePerRequestFilter.java:116)
	at org.apache.catalina.core.ApplicationFilterChain.internalDoFilter(ApplicationFilterChain.java:164)
	at org.apache.catalina.core.ApplicationFilterChain.doFilter(ApplicationFilterChain.java:140)
	at org.apache.catalina.core.StandardWrapperValve.invoke(StandardWrapperValve.java:167)
	at org.apache.catalina.core.StandardContextValve.invoke(StandardContextValve.java:90)
	at org.apache.catalina.authenticator.AuthenticatorBase.invoke(AuthenticatorBase.java:483)
	at org.apache.catalina.core.StandardHostValve.invoke(StandardHostValve.java:116)
	at org.apache.catalina.valves.ErrorReportValve.invoke(ErrorReportValve.java:93)
	at org.apache.catalina.core.StandardEngineValve.invoke(StandardEngineValve.java:74)
	at org.apache.catalina.connector.CoyoteAdapter.service(CoyoteAdapter.java:344)
	at org.apache.coyote.http11.Http11Processor.service(Http11Processor.java:398)
	at org.apache.coyote.AbstractProcessorLight.process(AbstractProcessorLight.java:63)
	at org.apache.coyote.AbstractProtocol$ConnectionHandler.process(AbstractProtocol.java:903)
	at org.apache.tomcat.util.net.NioEndpoint$SocketProcessor.doRun(NioEndpoint.java:1776)
	at org.apache.tomcat.util.net.SocketProcessorBase.run(SocketProcessorBase.java:52)
	at org.apache.tomcat.util.threads.ThreadPoolExecutor.runWorker(ThreadPoolExecutor.java:975)
	at org.apache.tomcat.util.threads.ThreadPoolExecutor$Worker.run(ThreadPoolExecutor.java:493)
	at org.apache.tomcat.util.threads.TaskThread$WrappingRunnable.run(TaskThread.java:63)
	at java.base/java.lang.Thread.run(Thread.java:840)
2025-10-05T22:58:09.664 [http-nio-8099-exec-7] ERROR o.s.b.a.w.s.e.ErrorMvcAutoConfiguration$StaticView - Cannot render error page for request [/xdm/indexXdmView] and exception [An error happened during template parsing (template: "class path resource [templates//xdm/index/indexXdmView.html]")] as the response has already been committed. As a result, the response may have the wrong status code. 
2025-10-05T22:58:10.072 [File Watcher] INFO o.s.b.d.a.LocalDevToolsAutoConfiguration$RestartingClassPathChangeChangedEventListener - Restarting due to 1 class path change (0 additions, 0 deletions, 1 modification) 
2025-10-05T22:58:10.073 [Thread-39] INFO o.s.b.w.e.t.GracefulShutdown - Commencing graceful shutdown. Waiting for active requests to complete 
2025-10-05T22:58:10.074 [tomcat-shutdown] INFO o.a.c.h.Http11NioProtocol - Pausing ProtocolHandler ["http-nio-8099"] 
2025-10-05T22:58:10.148 [tomcat-shutdown] INFO o.s.b.w.e.t.GracefulShutdown - Graceful shutdown complete 
2025-10-05T22:58:10.149 [Thread-39] INFO o.a.c.h.Http11NioProtocol - Stopping ProtocolHandler ["http-nio-8099"] 
2025-10-05T22:58:10.211 [restartedMain] INFO c.u.UtmostApplication - Starting UtmostApplication using Java 17.0.13 with PID 4020 (C:\factory\ws_sts_4281\repo_utmost\utmost\bin\main started by Jun in C:\factory\ws_sts_4281\repo_utmost\utmost) 
2025-10-05T22:58:10.212 [restartedMain] INFO c.u.UtmostApplication - The following 1 profile is active: "external" 
2025-10-05T22:58:10.413 [restartedMain] INFO o.s.b.w.e.t.TomcatWebServer - Tomcat initialized with port 8099 (http) 
2025-10-05T22:58:10.413 [restartedMain] INFO o.a.c.h.Http11NioProtocol - Initializing ProtocolHandler ["http-nio-8099"] 
2025-10-05T22:58:10.413 [restartedMain] INFO o.a.c.c.StandardService - Starting service [Tomcat] 
2025-10-05T22:58:10.413 [restartedMain] INFO o.a.c.c.StandardEngine - Starting Servlet engine: [Apache Tomcat/10.1.46] 
2025-10-05T22:58:10.430 [restartedMain] INFO o.a.c.c.C.[.[.[/] - Initializing Spring embedded WebApplicationContext 
2025-10-05T22:58:10.430 [restartedMain] INFO o.s.b.w.s.c.ServletWebServerApplicationContext - Root WebApplicationContext: initialization completed in 217 ms 
2025-10-05T22:58:10.510 [restartedMain] INFO o.s.b.d.a.OptionalLiveReloadServer - LiveReload server is running on port 35729 
2025-10-05T22:58:10.517 [restartedMain] INFO o.a.c.h.Http11NioProtocol - Starting ProtocolHandler ["http-nio-8099"] 
2025-10-05T22:58:10.520 [restartedMain] INFO o.s.b.w.e.t.TomcatWebServer - Tomcat started on port 8099 (http) with context path '/' 
2025-10-05T22:58:10.526 [restartedMain] INFO c.u.UtmostApplication - Started UtmostApplication in 0.341 seconds (process running for 2218.122) 
2025-10-05T22:58:10.527 [restartedMain] INFO o.s.b.d.a.ConditionEvaluationDeltaLoggingListener - Condition evaluation unchanged 
2025-10-05T22:58:15.549 [http-nio-8099-exec-1] INFO o.a.c.c.C.[.[.[/] - Initializing Spring DispatcherServlet 'dispatcherServlet' 
2025-10-05T22:58:15.549 [http-nio-8099-exec-1] INFO o.s.w.s.DispatcherServlet - Initializing Servlet 'dispatcherServlet' 
2025-10-05T22:58:15.550 [http-nio-8099-exec-1] INFO o.s.w.s.DispatcherServlet - Completed initialization in 1 ms 
2025-10-05T22:58:15.576 [http-nio-8099-exec-1] ERROR o.t.TemplateEngine - [THYMELEAF][http-nio-8099-exec-1] Exception processing template "xdm/index/indexXdmView": An error happened during template parsing (template: "class path resource [templates/xdm/index/indexXdmView.html]") 
org.thymeleaf.exceptions.TemplateInputException: An error happened during template parsing (template: "class path resource [templates/xdm/index/indexXdmView.html]")
	at org.thymeleaf.templateparser.markup.AbstractMarkupTemplateParser.parse(AbstractMarkupTemplateParser.java:241)
	at org.thymeleaf.templateparser.markup.AbstractMarkupTemplateParser.parseStandalone(AbstractMarkupTemplateParser.java:100)
	at org.thymeleaf.engine.TemplateManager.parseAndProcess(TemplateManager.java:666)
	at org.thymeleaf.TemplateEngine.process(TemplateEngine.java:1103)
	at org.thymeleaf.TemplateEngine.process(TemplateEngine.java:1077)
	at org.thymeleaf.spring6.view.ThymeleafView.renderFragment(ThymeleafView.java:372)
	at org.thymeleaf.spring6.view.ThymeleafView.render(ThymeleafView.java:192)
	at org.springframework.web.servlet.DispatcherServlet.render(DispatcherServlet.java:1438)
	at org.springframework.web.servlet.DispatcherServlet.processDispatchResult(DispatcherServlet.java:1168)
	at org.springframework.web.servlet.DispatcherServlet.doDispatch(DispatcherServlet.java:1106)
	at org.springframework.web.servlet.DispatcherServlet.doService(DispatcherServlet.java:979)
	at org.springframework.web.servlet.FrameworkServlet.processRequest(FrameworkServlet.java:1014)
	at org.springframework.web.servlet.FrameworkServlet.doGet(FrameworkServlet.java:903)
	at jakarta.servlet.http.HttpServlet.service(HttpServlet.java:564)
	at org.springframework.web.servlet.FrameworkServlet.service(FrameworkServlet.java:885)
	at jakarta.servlet.http.HttpServlet.service(HttpServlet.java:658)
	at org.apache.catalina.core.ApplicationFilterChain.internalDoFilter(ApplicationFilterChain.java:195)
	at org.apache.catalina.core.ApplicationFilterChain.doFilter(ApplicationFilterChain.java:140)
	at org.apache.tomcat.websocket.server.WsFilter.doFilter(WsFilter.java:51)
	at org.apache.catalina.core.ApplicationFilterChain.internalDoFilter(ApplicationFilterChain.java:164)
	at org.apache.catalina.core.ApplicationFilterChain.doFilter(ApplicationFilterChain.java:140)
	at org.springframework.web.filter.RequestContextFilter.doFilterInternal(RequestContextFilter.java:100)
	at org.springframework.web.filter.OncePerRequestFilter.doFilter(OncePerRequestFilter.java:116)
	at org.apache.catalina.core.ApplicationFilterChain.internalDoFilter(ApplicationFilterChain.java:164)
	at org.apache.catalina.core.ApplicationFilterChain.doFilter(ApplicationFilterChain.java:140)
	at org.springframework.web.filter.FormContentFilter.doFilterInternal(FormContentFilter.java:93)
	at org.springframework.web.filter.OncePerRequestFilter.doFilter(OncePerRequestFilter.java:116)
	at org.apache.catalina.core.ApplicationFilterChain.internalDoFilter(ApplicationFilterChain.java:164)
	at org.apache.catalina.core.ApplicationFilterChain.doFilter(ApplicationFilterChain.java:140)
	at org.springframework.web.filter.CharacterEncodingFilter.doFilterInternal(CharacterEncodingFilter.java:201)
	at org.springframework.web.filter.OncePerRequestFilter.doFilter(OncePerRequestFilter.java:116)
	at org.apache.catalina.core.ApplicationFilterChain.internalDoFilter(ApplicationFilterChain.java:164)
	at org.apache.catalina.core.ApplicationFilterChain.doFilter(ApplicationFilterChain.java:140)
	at org.apache.catalina.core.StandardWrapperValve.invoke(StandardWrapperValve.java:167)
	at org.apache.catalina.core.StandardContextValve.invoke(StandardContextValve.java:90)
	at org.apache.catalina.authenticator.AuthenticatorBase.invoke(AuthenticatorBase.java:483)
	at org.apache.catalina.core.StandardHostValve.invoke(StandardHostValve.java:116)
	at org.apache.catalina.valves.ErrorReportValve.invoke(ErrorReportValve.java:93)
	at org.apache.catalina.core.StandardEngineValve.invoke(StandardEngineValve.java:74)
	at org.apache.catalina.connector.CoyoteAdapter.service(CoyoteAdapter.java:344)
	at org.apache.coyote.http11.Http11Processor.service(Http11Processor.java:398)
	at org.apache.coyote.AbstractProcessorLight.process(AbstractProcessorLight.java:63)
	at org.apache.coyote.AbstractProtocol$ConnectionHandler.process(AbstractProtocol.java:903)
	at org.apache.tomcat.util.net.NioEndpoint$SocketProcessor.doRun(NioEndpoint.java:1776)
	at org.apache.tomcat.util.net.SocketProcessorBase.run(SocketProcessorBase.java:52)
	at org.apache.tomcat.util.threads.ThreadPoolExecutor.runWorker(ThreadPoolExecutor.java:975)
	at org.apache.tomcat.util.threads.ThreadPoolExecutor$Worker.run(ThreadPoolExecutor.java:493)
	at org.apache.tomcat.util.threads.TaskThread$WrappingRunnable.run(TaskThread.java:63)
	at java.base/java.lang.Thread.run(Thread.java:840)
Caused by: org.attoparser.ParseException: Error resolving template [xdm/include/includeXdmFalcon], template might not exist or might not be accessible by any of the configured Template Resolvers (template: "xdm/index/indexXdmView" - line 708, col 10)
	at org.attoparser.MarkupParser.parseDocument(MarkupParser.java:393)
	at org.attoparser.MarkupParser.parse(MarkupParser.java:257)
	at org.thymeleaf.templateparser.markup.AbstractMarkupTemplateParser.parse(AbstractMarkupTemplateParser.java:230)
	... 48 common frames omitted
Caused by: org.thymeleaf.exceptions.TemplateInputException: Error resolving template [xdm/include/includeXdmFalcon], template might not exist or might not be accessible by any of the configured Template Resolvers (template: "xdm/index/indexXdmView" - line 708, col 10)
	at org.thymeleaf.engine.TemplateManager.resolveTemplate(TemplateManager.java:869)
	at org.thymeleaf.engine.TemplateManager.parseStandalone(TemplateManager.java:250)
	at org.thymeleaf.standard.expression.FragmentExpression.resolveExecutedFragmentExpression(FragmentExpression.java:567)
	at org.thymeleaf.standard.processor.AbstractStandardFragmentInsertionTagProcessor.computeFragment(AbstractStandardFragmentInsertionTagProcessor.java:419)
	at org.thymeleaf.standard.processor.AbstractStandardFragmentInsertionTagProcessor.doProcess(AbstractStandardFragmentInsertionTagProcessor.java:115)
	at org.thymeleaf.processor.element.AbstractAttributeTagProcessor.doProcess(AbstractAttributeTagProcessor.java:74)
	at org.thymeleaf.processor.element.AbstractElementTagProcessor.process(AbstractElementTagProcessor.java:95)
	at org.thymeleaf.util.ProcessorConfigurationUtils$ElementTagProcessorWrapper.process(ProcessorConfigurationUtils.java:633)
	at org.thymeleaf.engine.ProcessorTemplateHandler.handleOpenElement(ProcessorTemplateHandler.java:1314)
	at org.thymeleaf.engine.TemplateHandlerAdapterMarkupHandler.handleOpenElementEnd(TemplateHandlerAdapterMarkupHandler.java:304)
	at org.thymeleaf.templateparser.markup.InlinedOutputExpressionMarkupHandler$InlineMarkupAdapterPreProcessorHandler.handleOpenElementEnd(InlinedOutputExpressionMarkupHandler.java:278)
	at org.thymeleaf.standard.inline.OutputExpressionInlinePreProcessorHandler.handleOpenElementEnd(OutputExpressionInlinePreProcessorHandler.java:186)
	at org.thymeleaf.templateparser.markup.InlinedOutputExpressionMarkupHandler.handleOpenElementEnd(InlinedOutputExpressionMarkupHandler.java:124)
	at org.attoparser.HtmlElement.handleOpenElementEnd(HtmlElement.java:109)
	at org.attoparser.HtmlMarkupHandler.handleOpenElementEnd(HtmlMarkupHandler.java:297)
	at org.attoparser.MarkupEventProcessorHandler.handleOpenElementEnd(MarkupEventProcessorHandler.java:402)
	at org.attoparser.ParsingElementMarkupUtil.parseOpenElement(ParsingElementMarkupUtil.java:159)
	at org.attoparser.MarkupParser.parseBuffer(MarkupParser.java:710)
	at org.attoparser.MarkupParser.parseDocument(MarkupParser.java:301)
	... 50 common frames omitted
2025-10-05T22:58:15.577 [http-nio-8099-exec-1] ERROR o.a.c.c.C.[.[.[.[dispatcherServlet] - Servlet.service() for servlet [dispatcherServlet] in context with path [] threw exception [Request processing failed: org.thymeleaf.exceptions.TemplateInputException: An error happened during template parsing (template: "class path resource [templates/xdm/index/indexXdmView.html]")] with root cause 
org.thymeleaf.exceptions.TemplateInputException: Error resolving template [xdm/include/includeXdmFalcon], template might not exist or might not be accessible by any of the configured Template Resolvers (template: "xdm/index/indexXdmView" - line 708, col 10)
	at org.thymeleaf.engine.TemplateManager.resolveTemplate(TemplateManager.java:869)
	at org.thymeleaf.engine.TemplateManager.parseStandalone(TemplateManager.java:250)
	at org.thymeleaf.standard.expression.FragmentExpression.resolveExecutedFragmentExpression(FragmentExpression.java:567)
	at org.thymeleaf.standard.processor.AbstractStandardFragmentInsertionTagProcessor.computeFragment(AbstractStandardFragmentInsertionTagProcessor.java:419)
	at org.thymeleaf.standard.processor.AbstractStandardFragmentInsertionTagProcessor.doProcess(AbstractStandardFragmentInsertionTagProcessor.java:115)
	at org.thymeleaf.processor.element.AbstractAttributeTagProcessor.doProcess(AbstractAttributeTagProcessor.java:74)
	at org.thymeleaf.processor.element.AbstractElementTagProcessor.process(AbstractElementTagProcessor.java:95)
	at org.thymeleaf.util.ProcessorConfigurationUtils$ElementTagProcessorWrapper.process(ProcessorConfigurationUtils.java:633)
	at org.thymeleaf.engine.ProcessorTemplateHandler.handleOpenElement(ProcessorTemplateHandler.java:1314)
	at org.thymeleaf.engine.TemplateHandlerAdapterMarkupHandler.handleOpenElementEnd(TemplateHandlerAdapterMarkupHandler.java:304)
	at org.thymeleaf.templateparser.markup.InlinedOutputExpressionMarkupHandler$InlineMarkupAdapterPreProcessorHandler.handleOpenElementEnd(InlinedOutputExpressionMarkupHandler.java:278)
	at org.thymeleaf.standard.inline.OutputExpressionInlinePreProcessorHandler.handleOpenElementEnd(OutputExpressionInlinePreProcessorHandler.java:186)
	at org.thymeleaf.templateparser.markup.InlinedOutputExpressionMarkupHandler.handleOpenElementEnd(InlinedOutputExpressionMarkupHandler.java:124)
	at org.attoparser.HtmlElement.handleOpenElementEnd(HtmlElement.java:109)
	at org.attoparser.HtmlMarkupHandler.handleOpenElementEnd(HtmlMarkupHandler.java:297)
	at org.attoparser.MarkupEventProcessorHandler.handleOpenElementEnd(MarkupEventProcessorHandler.java:402)
	at org.attoparser.ParsingElementMarkupUtil.parseOpenElement(ParsingElementMarkupUtil.java:159)
	at org.attoparser.MarkupParser.parseBuffer(MarkupParser.java:710)
	at org.attoparser.MarkupParser.parseDocument(MarkupParser.java:301)
	at org.attoparser.MarkupParser.parse(MarkupParser.java:257)
	at org.thymeleaf.templateparser.markup.AbstractMarkupTemplateParser.parse(AbstractMarkupTemplateParser.java:230)
	at org.thymeleaf.templateparser.markup.AbstractMarkupTemplateParser.parseStandalone(AbstractMarkupTemplateParser.java:100)
	at org.thymeleaf.engine.TemplateManager.parseAndProcess(TemplateManager.java:666)
	at org.thymeleaf.TemplateEngine.process(TemplateEngine.java:1103)
	at org.thymeleaf.TemplateEngine.process(TemplateEngine.java:1077)
	at org.thymeleaf.spring6.view.ThymeleafView.renderFragment(ThymeleafView.java:372)
	at org.thymeleaf.spring6.view.ThymeleafView.render(ThymeleafView.java:192)
	at org.springframework.web.servlet.DispatcherServlet.render(DispatcherServlet.java:1438)
	at org.springframework.web.servlet.DispatcherServlet.processDispatchResult(DispatcherServlet.java:1168)
	at org.springframework.web.servlet.DispatcherServlet.doDispatch(DispatcherServlet.java:1106)
	at org.springframework.web.servlet.DispatcherServlet.doService(DispatcherServlet.java:979)
	at org.springframework.web.servlet.FrameworkServlet.processRequest(FrameworkServlet.java:1014)
	at org.springframework.web.servlet.FrameworkServlet.doGet(FrameworkServlet.java:903)
	at jakarta.servlet.http.HttpServlet.service(HttpServlet.java:564)
	at org.springframework.web.servlet.FrameworkServlet.service(FrameworkServlet.java:885)
	at jakarta.servlet.http.HttpServlet.service(HttpServlet.java:658)
	at org.apache.catalina.core.ApplicationFilterChain.internalDoFilter(ApplicationFilterChain.java:195)
	at org.apache.catalina.core.ApplicationFilterChain.doFilter(ApplicationFilterChain.java:140)
	at org.apache.tomcat.websocket.server.WsFilter.doFilter(WsFilter.java:51)
	at org.apache.catalina.core.ApplicationFilterChain.internalDoFilter(ApplicationFilterChain.java:164)
	at org.apache.catalina.core.ApplicationFilterChain.doFilter(ApplicationFilterChain.java:140)
	at org.springframework.web.filter.RequestContextFilter.doFilterInternal(RequestContextFilter.java:100)
	at org.springframework.web.filter.OncePerRequestFilter.doFilter(OncePerRequestFilter.java:116)
	at org.apache.catalina.core.ApplicationFilterChain.internalDoFilter(ApplicationFilterChain.java:164)
	at org.apache.catalina.core.ApplicationFilterChain.doFilter(ApplicationFilterChain.java:140)
	at org.springframework.web.filter.FormContentFilter.doFilterInternal(FormContentFilter.java:93)
	at org.springframework.web.filter.OncePerRequestFilter.doFilter(OncePerRequestFilter.java:116)
	at org.apache.catalina.core.ApplicationFilterChain.internalDoFilter(ApplicationFilterChain.java:164)
	at org.apache.catalina.core.ApplicationFilterChain.doFilter(ApplicationFilterChain.java:140)
	at org.springframework.web.filter.CharacterEncodingFilter.doFilterInternal(CharacterEncodingFilter.java:201)
	at org.springframework.web.filter.OncePerRequestFilter.doFilter(OncePerRequestFilter.java:116)
	at org.apache.catalina.core.ApplicationFilterChain.internalDoFilter(ApplicationFilterChain.java:164)
	at org.apache.catalina.core.ApplicationFilterChain.doFilter(ApplicationFilterChain.java:140)
	at org.apache.catalina.core.StandardWrapperValve.invoke(StandardWrapperValve.java:167)
	at org.apache.catalina.core.StandardContextValve.invoke(StandardContextValve.java:90)
	at org.apache.catalina.authenticator.AuthenticatorBase.invoke(AuthenticatorBase.java:483)
	at org.apache.catalina.core.StandardHostValve.invoke(StandardHostValve.java:116)
	at org.apache.catalina.valves.ErrorReportValve.invoke(ErrorReportValve.java:93)
	at org.apache.catalina.core.StandardEngineValve.invoke(StandardEngineValve.java:74)
	at org.apache.catalina.connector.CoyoteAdapter.service(CoyoteAdapter.java:344)
	at org.apache.coyote.http11.Http11Processor.service(Http11Processor.java:398)
	at org.apache.coyote.AbstractProcessorLight.process(AbstractProcessorLight.java:63)
	at org.apache.coyote.AbstractProtocol$ConnectionHandler.process(AbstractProtocol.java:903)
	at org.apache.tomcat.util.net.NioEndpoint$SocketProcessor.doRun(NioEndpoint.java:1776)
	at org.apache.tomcat.util.net.SocketProcessorBase.run(SocketProcessorBase.java:52)
	at org.apache.tomcat.util.threads.ThreadPoolExecutor.runWorker(ThreadPoolExecutor.java:975)
	at org.apache.tomcat.util.threads.ThreadPoolExecutor$Worker.run(ThreadPoolExecutor.java:493)
	at org.apache.tomcat.util.threads.TaskThread$WrappingRunnable.run(TaskThread.java:63)
	at java.base/java.lang.Thread.run(Thread.java:840)
2025-10-05T22:58:15.583 [http-nio-8099-exec-1] ERROR o.s.b.a.w.s.e.ErrorMvcAutoConfiguration$StaticView - Cannot render error page for request [/xdm/indexXdmView] and exception [An error happened during template parsing (template: "class path resource [templates/xdm/index/indexXdmView.html]")] as the response has already been committed. As a result, the response may have the wrong status code. 
2025-10-05T22:59:25.750 [File Watcher] INFO o.s.b.d.a.LocalDevToolsAutoConfiguration$RestartingClassPathChangeChangedEventListener - Restarting due to 1 class path change (0 additions, 0 deletions, 1 modification) 
2025-10-05T22:59:25.751 [Thread-43] INFO o.s.b.w.e.t.GracefulShutdown - Commencing graceful shutdown. Waiting for active requests to complete 
2025-10-05T22:59:25.752 [tomcat-shutdown] INFO o.a.c.h.Http11NioProtocol - Pausing ProtocolHandler ["http-nio-8099"] 
2025-10-05T22:59:25.826 [tomcat-shutdown] INFO o.s.b.w.e.t.GracefulShutdown - Graceful shutdown complete 
2025-10-05T22:59:25.826 [Thread-43] INFO o.a.c.h.Http11NioProtocol - Stopping ProtocolHandler ["http-nio-8099"] 
2025-10-05T22:59:25.879 [restartedMain] INFO c.u.UtmostApplication - Starting UtmostApplication using Java 17.0.13 with PID 4020 (C:\factory\ws_sts_4281\repo_utmost\utmost\bin\main started by Jun in C:\factory\ws_sts_4281\repo_utmost\utmost) 
2025-10-05T22:59:25.879 [restartedMain] INFO c.u.UtmostApplication - The following 1 profile is active: "external" 
2025-10-05T22:59:26.129 [restartedMain] INFO o.s.b.w.e.t.TomcatWebServer - Tomcat initialized with port 8099 (http) 
2025-10-05T22:59:26.129 [restartedMain] INFO o.a.c.h.Http11NioProtocol - Initializing ProtocolHandler ["http-nio-8099"] 
2025-10-05T22:59:26.130 [restartedMain] INFO o.a.c.c.StandardService - Starting service [Tomcat] 
2025-10-05T22:59:26.130 [restartedMain] INFO o.a.c.c.StandardEngine - Starting Servlet engine: [Apache Tomcat/10.1.46] 
2025-10-05T22:59:26.151 [restartedMain] INFO o.a.c.c.C.[.[.[/] - Initializing Spring embedded WebApplicationContext 
2025-10-05T22:59:26.151 [restartedMain] INFO o.s.b.w.s.c.ServletWebServerApplicationContext - Root WebApplicationContext: initialization completed in 271 ms 
2025-10-05T22:59:26.250 [restartedMain] INFO o.s.b.d.a.OptionalLiveReloadServer - LiveReload server is running on port 35729 
2025-10-05T22:59:26.258 [restartedMain] INFO o.a.c.h.Http11NioProtocol - Starting ProtocolHandler ["http-nio-8099"] 
2025-10-05T22:59:26.262 [restartedMain] INFO o.s.b.w.e.t.TomcatWebServer - Tomcat started on port 8099 (http) with context path '/' 
2025-10-05T22:59:26.265 [restartedMain] INFO c.u.UtmostApplication - Started UtmostApplication in 0.412 seconds (process running for 2293.861) 
2025-10-05T22:59:26.267 [restartedMain] INFO o.s.b.d.a.ConditionEvaluationDeltaLoggingListener - Condition evaluation unchanged 
